<?xml version="1.0" encoding="UTF-8"?>
<!-- Generated by org.testng.reporters.JUnitXMLReporter -->
<testsuite hostname="BLT140018" name="Default test" tests="4" failures="0" timestamp="12 Apr 2017 17:45:53 GMT" time="12.239" errors="0">
  <testcase name="registerParkingTest" time="9.905" classname="com.core.restapi.RESTApiProject.testcases.registerParkingLot"/>
  <testcase name="registerParkingTest" time="0.427" classname="com.core.restapi.RESTApiProject.testcases.registerParkingLot"/>
  <testcase name="registerParkingTest" time="0.435" classname="com.core.restapi.RESTApiProject.testcases.registerParkingLot"/>
  <testcase name="registerParkingTest" time="0.422" classname="com.core.restapi.RESTApiProject.testcases.registerParkingLot"/>
</testsuite> <!-- Default test -->
