-------------------------------------------------------------------------------
Test set: TestSuite
-------------------------------------------------------------------------------
Tests run: 32, Failures: 32, Errors: 0, Skipped: 0, Time elapsed: 4.736 sec <<< FAILURE! - in TestSuite
registerParkingTest(com.core.restapi.RESTApiProject.testcases.registerParkingLot)  Time elapsed: 0.386 sec  <<< FAILURE!
java.lang.NullPointerException
	at com.core.restapi.RESTApiProject.testcases.registerParkingLot.registerParkingTest(registerParkingLot.java:48)

registerParkingTest(com.core.restapi.RESTApiProject.testcases.registerParkingLot)  Time elapsed: 0.024 sec  <<< FAILURE!
java.lang.NullPointerException
	at com.core.restapi.RESTApiProject.testcases.registerParkingLot.registerParkingTest(registerParkingLot.java:48)

registerParkingTest(com.core.restapi.RESTApiProject.testcases.registerParkingLot)  Time elapsed: 0.009 sec  <<< FAILURE!
java.lang.NullPointerException
	at com.core.restapi.RESTApiProject.testcases.registerParkingLot.registerParkingTest(registerParkingLot.java:48)

registerParkingTest(com.core.restapi.RESTApiProject.testcases.registerParkingLot)  Time elapsed: 0.006 sec  <<< FAILURE!
java.lang.NullPointerException
	at com.core.restapi.RESTApiProject.testcases.registerParkingLot.registerParkingTest(registerParkingLot.java:48)

CreateParkingTest(com.core.restapi.RESTApiProject.testcases.CreateParking)  Time elapsed: 0.004 sec  <<< FAILURE!
java.lang.NullPointerException
	at com.core.restapi.RESTApiProject.testcases.CreateParking.CreateParkingTest(CreateParking.java:49)

CreateParkingTest(com.core.restapi.RESTApiProject.testcases.CreateParking)  Time elapsed: 0.009 sec  <<< FAILURE!
java.lang.NullPointerException
	at com.core.restapi.RESTApiProject.testcases.CreateParking.CreateParkingTest(CreateParking.java:49)

CreateParkingTest(com.core.restapi.RESTApiProject.testcases.CreateParking)  Time elapsed: 0.01 sec  <<< FAILURE!
java.lang.NullPointerException
	at com.core.restapi.RESTApiProject.testcases.CreateParking.CreateParkingTest(CreateParking.java:49)

CreateParkingTest(com.core.restapi.RESTApiProject.testcases.CreateParking)  Time elapsed: 0.011 sec  <<< FAILURE!
java.lang.NullPointerException
	at com.core.restapi.RESTApiProject.testcases.CreateParking.CreateParkingTest(CreateParking.java:49)

CreateParkingTest(com.core.restapi.RESTApiProject.testcases.CreateParking)  Time elapsed: 0.011 sec  <<< FAILURE!
java.lang.NullPointerException
	at com.core.restapi.RESTApiProject.testcases.CreateParking.CreateParkingTest(CreateParking.java:49)

CreateParkingTest(com.core.restapi.RESTApiProject.testcases.CreateParking)  Time elapsed: 0.006 sec  <<< FAILURE!
java.lang.NullPointerException
	at com.core.restapi.RESTApiProject.testcases.CreateParking.CreateParkingTest(CreateParking.java:49)

CreateParkingTest(com.core.restapi.RESTApiProject.testcases.CreateParking)  Time elapsed: 0.005 sec  <<< FAILURE!
java.lang.NullPointerException
	at com.core.restapi.RESTApiProject.testcases.CreateParking.CreateParkingTest(CreateParking.java:49)

ParkACarTest(com.core.restapi.RESTApiProject.testcases.ParkACar)  Time elapsed: 0.009 sec  <<< FAILURE!
java.lang.NullPointerException
	at com.core.restapi.RESTApiProject.testcases.ParkACar.ParkACarTest(ParkACar.java:50)

ParkACarTest(com.core.restapi.RESTApiProject.testcases.ParkACar)  Time elapsed: 0.006 sec  <<< FAILURE!
java.lang.NullPointerException
	at com.core.restapi.RESTApiProject.testcases.ParkACar.ParkACarTest(ParkACar.java:50)

ParkACarTest(com.core.restapi.RESTApiProject.testcases.ParkACar)  Time elapsed: 0.004 sec  <<< FAILURE!
java.lang.NullPointerException
	at com.core.restapi.RESTApiProject.testcases.ParkACar.ParkACarTest(ParkACar.java:50)

ParkACarTest(com.core.restapi.RESTApiProject.testcases.ParkACar)  Time elapsed: 0.004 sec  <<< FAILURE!
java.lang.NullPointerException
	at com.core.restapi.RESTApiProject.testcases.ParkACar.ParkACarTest(ParkACar.java:50)

ParkACarTest(com.core.restapi.RESTApiProject.testcases.ParkACar)  Time elapsed: 0.016 sec  <<< FAILURE!
java.lang.NullPointerException
	at com.core.restapi.RESTApiProject.testcases.ParkACar.ParkACarTest(ParkACar.java:50)

ParkACarTest(com.core.restapi.RESTApiProject.testcases.ParkACar)  Time elapsed: 0.004 sec  <<< FAILURE!
java.lang.NullPointerException
	at com.core.restapi.RESTApiProject.testcases.ParkACar.ParkACarTest(ParkACar.java:50)

ParkingStatusTest(com.core.restapi.RESTApiProject.testcases.ParkingStatus)  Time elapsed: 0.005 sec  <<< FAILURE!
java.lang.NullPointerException
	at com.core.restapi.RESTApiProject.testcases.ParkingStatus.ParkingStatusTest(ParkingStatus.java:43)

ParkingStatusTest(com.core.restapi.RESTApiProject.testcases.ParkingStatus)  Time elapsed: 0.005 sec  <<< FAILURE!
java.lang.NullPointerException
	at com.core.restapi.RESTApiProject.testcases.ParkingStatus.ParkingStatusTest(ParkingStatus.java:43)

ParkingStatusTest(com.core.restapi.RESTApiProject.testcases.ParkingStatus)  Time elapsed: 0.004 sec  <<< FAILURE!
java.lang.NullPointerException
	at com.core.restapi.RESTApiProject.testcases.ParkingStatus.ParkingStatusTest(ParkingStatus.java:43)

registerParkingTest(com.core.restapi.RESTApiProject.testcases.InfoByColor)  Time elapsed: 0.018 sec  <<< FAILURE!
java.lang.NullPointerException
	at com.core.restapi.RESTApiProject.testcases.InfoByColor.registerParkingTest(InfoByColor.java:44)

registerParkingTest(com.core.restapi.RESTApiProject.testcases.InfoByColor)  Time elapsed: 0.006 sec  <<< FAILURE!
java.lang.NullPointerException
	at com.core.restapi.RESTApiProject.testcases.InfoByColor.registerParkingTest(InfoByColor.java:44)

registerParkingTest(com.core.restapi.RESTApiProject.testcases.InfoByColor)  Time elapsed: 0.013 sec  <<< FAILURE!
java.lang.NullPointerException
	at com.core.restapi.RESTApiProject.testcases.InfoByColor.registerParkingTest(InfoByColor.java:44)

registerParkingTest(com.core.restapi.RESTApiProject.testcases.InfoByColor)  Time elapsed: 0.006 sec  <<< FAILURE!
java.lang.NullPointerException
	at com.core.restapi.RESTApiProject.testcases.InfoByColor.registerParkingTest(InfoByColor.java:44)

getSlotNumberTest(com.core.restapi.RESTApiProject.testcases.getSlotNumber)  Time elapsed: 0.005 sec  <<< FAILURE!
java.lang.NullPointerException
	at com.core.restapi.RESTApiProject.testcases.getSlotNumber.getSlotNumberTest(getSlotNumber.java:44)

getSlotNumberTest(com.core.restapi.RESTApiProject.testcases.getSlotNumber)  Time elapsed: 0.007 sec  <<< FAILURE!
java.lang.NullPointerException
	at com.core.restapi.RESTApiProject.testcases.getSlotNumber.getSlotNumberTest(getSlotNumber.java:44)

getSlotNumberTest(com.core.restapi.RESTApiProject.testcases.getSlotNumber)  Time elapsed: 0.017 sec  <<< FAILURE!
java.lang.NullPointerException
	at com.core.restapi.RESTApiProject.testcases.getSlotNumber.getSlotNumberTest(getSlotNumber.java:44)

getSlotNumberTest(com.core.restapi.RESTApiProject.testcases.getSlotNumber)  Time elapsed: 0.012 sec  <<< FAILURE!
java.lang.NullPointerException
	at com.core.restapi.RESTApiProject.testcases.getSlotNumber.getSlotNumberTest(getSlotNumber.java:44)

getSlotNumberTest(com.core.restapi.RESTApiProject.testcases.getSlotNumber)  Time elapsed: 0.01 sec  <<< FAILURE!
java.lang.NullPointerException
	at com.core.restapi.RESTApiProject.testcases.getSlotNumber.getSlotNumberTest(getSlotNumber.java:44)

vacateParkingTest(com.core.restapi.RESTApiProject.testcases.vacateParking)  Time elapsed: 0.006 sec  <<< FAILURE!
java.lang.NullPointerException
	at com.core.restapi.RESTApiProject.testcases.vacateParking.vacateParkingTest(vacateParking.java:49)

vacateParkingTest(com.core.restapi.RESTApiProject.testcases.vacateParking)  Time elapsed: 0.005 sec  <<< FAILURE!
java.lang.NullPointerException
	at com.core.restapi.RESTApiProject.testcases.vacateParking.vacateParkingTest(vacateParking.java:49)

vacateParkingTest(com.core.restapi.RESTApiProject.testcases.vacateParking)  Time elapsed: 0.016 sec  <<< FAILURE!
java.lang.NullPointerException
	at com.core.restapi.RESTApiProject.testcases.vacateParking.vacateParkingTest(vacateParking.java:49)

