<?xml version="1.0" encoding="UTF-8"?>
<testng-results skipped="0" failed="0" total="32" passed="32">
  <reporter-output>
  </reporter-output>
  <suite name="SuiteName" duration-ms="19123" started-at="2017-04-12T09:42:26Z" finished-at="2017-04-12T09:42:45Z">
    <groups>
    </groups>
    <test name="registerParkingTest" duration-ms="4122" started-at="2017-04-12T09:42:26Z" finished-at="2017-04-12T09:42:30Z">
      <class name="com.core.restapi.RESTApiProject.testcases.registerParkingLot">
        <test-method status="PASS" signature="registerParkingTest(java.util.Hashtable)[pri:0, instance:com.core.restapi.RESTApiProject.testcases.registerParkingLot@1188e820]" name="registerParkingTest" duration-ms="1368" started-at="2017-04-12T15:12:27Z" data-provider="getData" finished-at="2017-04-12T15:12:28Z">
          <params>
            <param index="0">
              <value>
                <![CDATA[{ParkingSlotName=Parking1, Runmode=y}]]>
              </value>
            </param>
          </params>
          <reporter-output>
          </reporter-output>
        </test-method> <!-- registerParkingTest -->
        <test-method status="PASS" signature="repoquit()[pri:0, instance:com.core.restapi.RESTApiProject.testcases.registerParkingLot@1188e820]" name="repoquit" is-config="true" duration-ms="329" started-at="2017-04-12T15:12:28Z" finished-at="2017-04-12T15:12:29Z">
          <reporter-output>
          </reporter-output>
        </test-method> <!-- repoquit -->
        <test-method status="PASS" signature="registerParkingTest(java.util.Hashtable)[pri:0, instance:com.core.restapi.RESTApiProject.testcases.registerParkingLot@1188e820]" name="registerParkingTest" duration-ms="454" started-at="2017-04-12T15:12:29Z" data-provider="getData" finished-at="2017-04-12T15:12:29Z">
          <params>
            <param index="0">
              <value>
                <![CDATA[{ParkingSlotName=Parking2, Runmode=y}]]>
              </value>
            </param>
          </params>
          <reporter-output>
          </reporter-output>
        </test-method> <!-- registerParkingTest -->
        <test-method status="PASS" signature="repoquit()[pri:0, instance:com.core.restapi.RESTApiProject.testcases.registerParkingLot@1188e820]" name="repoquit" is-config="true" duration-ms="92" started-at="2017-04-12T15:12:29Z" finished-at="2017-04-12T15:12:29Z">
          <reporter-output>
          </reporter-output>
        </test-method> <!-- repoquit -->
        <test-method status="PASS" signature="registerParkingTest(java.util.Hashtable)[pri:0, instance:com.core.restapi.RESTApiProject.testcases.registerParkingLot@1188e820]" name="registerParkingTest" duration-ms="448" started-at="2017-04-12T15:12:29Z" data-provider="getData" finished-at="2017-04-12T15:12:30Z">
          <params>
            <param index="0">
              <value>
                <![CDATA[{ParkingSlotName=Parking3, Runmode=y}]]>
              </value>
            </param>
          </params>
          <reporter-output>
          </reporter-output>
        </test-method> <!-- registerParkingTest -->
        <test-method status="PASS" signature="repoquit()[pri:0, instance:com.core.restapi.RESTApiProject.testcases.registerParkingLot@1188e820]" name="repoquit" is-config="true" duration-ms="45" started-at="2017-04-12T15:12:30Z" finished-at="2017-04-12T15:12:30Z">
          <reporter-output>
          </reporter-output>
        </test-method> <!-- repoquit -->
        <test-method status="PASS" signature="registerParkingTest(java.util.Hashtable)[pri:0, instance:com.core.restapi.RESTApiProject.testcases.registerParkingLot@1188e820]" name="registerParkingTest" duration-ms="432" started-at="2017-04-12T15:12:30Z" data-provider="getData" finished-at="2017-04-12T15:12:30Z">
          <params>
            <param index="0">
              <value>
                <![CDATA[{ParkingSlotName=, Runmode=y}]]>
              </value>
            </param>
          </params>
          <reporter-output>
          </reporter-output>
        </test-method> <!-- registerParkingTest -->
        <test-method status="PASS" signature="repoquit()[pri:0, instance:com.core.restapi.RESTApiProject.testcases.registerParkingLot@1188e820]" name="repoquit" is-config="true" duration-ms="93" started-at="2017-04-12T15:12:30Z" finished-at="2017-04-12T15:12:30Z">
          <reporter-output>
          </reporter-output>
        </test-method> <!-- repoquit -->
      </class> <!-- com.core.restapi.RESTApiProject.testcases.registerParkingLot -->
    </test> <!-- registerParkingTest -->
    <test name="CreateParkingTest" duration-ms="3788" started-at="2017-04-12T09:42:30Z" finished-at="2017-04-12T09:42:34Z">
      <class name="com.core.restapi.RESTApiProject.testcases.CreateParking">
        <test-method status="PASS" signature="CreateParkingTest(java.util.Hashtable)[pri:0, instance:com.core.restapi.RESTApiProject.testcases.CreateParking@4148db48]" name="CreateParkingTest" duration-ms="458" started-at="2017-04-12T15:12:30Z" data-provider="getData" finished-at="2017-04-12T15:12:31Z">
          <params>
            <param index="0">
              <value>
                <![CDATA[{ParkingSlotName=Parking1, Runmode=y, SlotNumber=5}]]>
              </value>
            </param>
          </params>
          <reporter-output>
          </reporter-output>
        </test-method> <!-- CreateParkingTest -->
        <test-method status="PASS" signature="repoquit()[pri:0, instance:com.core.restapi.RESTApiProject.testcases.CreateParking@4148db48]" name="repoquit" is-config="true" duration-ms="95" started-at="2017-04-12T15:12:31Z" finished-at="2017-04-12T15:12:31Z">
          <reporter-output>
          </reporter-output>
        </test-method> <!-- repoquit -->
        <test-method status="PASS" signature="CreateParkingTest(java.util.Hashtable)[pri:0, instance:com.core.restapi.RESTApiProject.testcases.CreateParking@4148db48]" name="CreateParkingTest" duration-ms="444" started-at="2017-04-12T15:12:31Z" data-provider="getData" finished-at="2017-04-12T15:12:31Z">
          <params>
            <param index="0">
              <value>
                <![CDATA[{ParkingSlotName=Parking2, Runmode=y, SlotNumber=6}]]>
              </value>
            </param>
          </params>
          <reporter-output>
          </reporter-output>
        </test-method> <!-- CreateParkingTest -->
        <test-method status="PASS" signature="repoquit()[pri:0, instance:com.core.restapi.RESTApiProject.testcases.CreateParking@4148db48]" name="repoquit" is-config="true" duration-ms="91" started-at="2017-04-12T15:12:31Z" finished-at="2017-04-12T15:12:31Z">
          <reporter-output>
          </reporter-output>
        </test-method> <!-- repoquit -->
        <test-method status="PASS" signature="CreateParkingTest(java.util.Hashtable)[pri:0, instance:com.core.restapi.RESTApiProject.testcases.CreateParking@4148db48]" name="CreateParkingTest" duration-ms="451" started-at="2017-04-12T15:12:31Z" data-provider="getData" finished-at="2017-04-12T15:12:32Z">
          <params>
            <param index="0">
              <value>
                <![CDATA[{ParkingSlotName=Parking2, Runmode=y, SlotNumber=a}]]>
              </value>
            </param>
          </params>
          <reporter-output>
          </reporter-output>
        </test-method> <!-- CreateParkingTest -->
        <test-method status="PASS" signature="repoquit()[pri:0, instance:com.core.restapi.RESTApiProject.testcases.CreateParking@4148db48]" name="repoquit" is-config="true" duration-ms="62" started-at="2017-04-12T15:12:32Z" finished-at="2017-04-12T15:12:32Z">
          <reporter-output>
          </reporter-output>
        </test-method> <!-- repoquit -->
        <test-method status="PASS" signature="CreateParkingTest(java.util.Hashtable)[pri:0, instance:com.core.restapi.RESTApiProject.testcases.CreateParking@4148db48]" name="CreateParkingTest" duration-ms="461" started-at="2017-04-12T15:12:32Z" data-provider="getData" finished-at="2017-04-12T15:12:32Z">
          <params>
            <param index="0">
              <value>
                <![CDATA[{ParkingSlotName=Parking2, Runmode=y, SlotNumber=1.5}]]>
              </value>
            </param>
          </params>
          <reporter-output>
          </reporter-output>
        </test-method> <!-- CreateParkingTest -->
        <test-method status="PASS" signature="repoquit()[pri:0, instance:com.core.restapi.RESTApiProject.testcases.CreateParking@4148db48]" name="repoquit" is-config="true" duration-ms="80" started-at="2017-04-12T15:12:32Z" finished-at="2017-04-12T15:12:32Z">
          <reporter-output>
          </reporter-output>
        </test-method> <!-- repoquit -->
        <test-method status="PASS" signature="CreateParkingTest(java.util.Hashtable)[pri:0, instance:com.core.restapi.RESTApiProject.testcases.CreateParking@4148db48]" name="CreateParkingTest" duration-ms="432" started-at="2017-04-12T15:12:32Z" data-provider="getData" finished-at="2017-04-12T15:12:33Z">
          <params>
            <param index="0">
              <value>
                <![CDATA[{ParkingSlotName=Parking, Runmode=y, SlotNumber=5}]]>
              </value>
            </param>
          </params>
          <reporter-output>
          </reporter-output>
        </test-method> <!-- CreateParkingTest -->
        <test-method status="PASS" signature="repoquit()[pri:0, instance:com.core.restapi.RESTApiProject.testcases.CreateParking@4148db48]" name="repoquit" is-config="true" duration-ms="90" started-at="2017-04-12T15:12:33Z" finished-at="2017-04-12T15:12:33Z">
          <reporter-output>
          </reporter-output>
        </test-method> <!-- repoquit -->
        <test-method status="PASS" signature="CreateParkingTest(java.util.Hashtable)[pri:0, instance:com.core.restapi.RESTApiProject.testcases.CreateParking@4148db48]" name="CreateParkingTest" duration-ms="454" started-at="2017-04-12T15:12:33Z" data-provider="getData" finished-at="2017-04-12T15:12:33Z">
          <params>
            <param index="0">
              <value>
                <![CDATA[{ParkingSlotName=Parking3, Runmode=y, SlotNumber=0}]]>
              </value>
            </param>
          </params>
          <reporter-output>
          </reporter-output>
        </test-method> <!-- CreateParkingTest -->
        <test-method status="PASS" signature="repoquit()[pri:0, instance:com.core.restapi.RESTApiProject.testcases.CreateParking@4148db48]" name="repoquit" is-config="true" duration-ms="87" started-at="2017-04-12T15:12:33Z" finished-at="2017-04-12T15:12:33Z">
          <reporter-output>
          </reporter-output>
        </test-method> <!-- repoquit -->
        <test-method status="PASS" signature="CreateParkingTest(java.util.Hashtable)[pri:0, instance:com.core.restapi.RESTApiProject.testcases.CreateParking@4148db48]" name="CreateParkingTest" duration-ms="451" started-at="2017-04-12T15:12:33Z" data-provider="getData" finished-at="2017-04-12T15:12:34Z">
          <params>
            <param index="0">
              <value>
                <![CDATA[{ParkingSlotName=Parking3, Runmode=y, SlotNumber=-5}]]>
              </value>
            </param>
          </params>
          <reporter-output>
          </reporter-output>
        </test-method> <!-- CreateParkingTest -->
        <test-method status="PASS" signature="repoquit()[pri:0, instance:com.core.restapi.RESTApiProject.testcases.CreateParking@4148db48]" name="repoquit" is-config="true" duration-ms="85" started-at="2017-04-12T15:12:34Z" finished-at="2017-04-12T15:12:34Z">
          <reporter-output>
          </reporter-output>
        </test-method> <!-- repoquit -->
      </class> <!-- com.core.restapi.RESTApiProject.testcases.CreateParking -->
    </test> <!-- CreateParkingTest -->
    <test name="ParkACarTest" duration-ms="3129" started-at="2017-04-12T09:42:34Z" finished-at="2017-04-12T09:42:37Z">
      <class name="com.core.restapi.RESTApiProject.testcases.ParkACar">
        <test-method status="PASS" signature="ParkACarTest(java.util.Hashtable)[pri:0, instance:com.core.restapi.RESTApiProject.testcases.ParkACar@b59d31]" name="ParkACarTest" duration-ms="452" started-at="2017-04-12T15:12:34Z" data-provider="getData" finished-at="2017-04-12T15:12:34Z">
          <params>
            <param index="0">
              <value>
                <![CDATA[{registrationNumber=1111, color=Black, ParkingSlotName=Parking1, Runmode=y, SlotNumber=5}]]>
              </value>
            </param>
          </params>
          <reporter-output>
          </reporter-output>
        </test-method> <!-- ParkACarTest -->
        <test-method status="PASS" signature="repoquit()[pri:0, instance:com.core.restapi.RESTApiProject.testcases.ParkACar@b59d31]" name="repoquit" is-config="true" duration-ms="80" started-at="2017-04-12T15:12:34Z" finished-at="2017-04-12T15:12:35Z">
          <reporter-output>
          </reporter-output>
        </test-method> <!-- repoquit -->
        <test-method status="PASS" signature="ParkACarTest(java.util.Hashtable)[pri:0, instance:com.core.restapi.RESTApiProject.testcases.ParkACar@b59d31]" name="ParkACarTest" duration-ms="444" started-at="2017-04-12T15:12:35Z" data-provider="getData" finished-at="2017-04-12T15:12:35Z">
          <params>
            <param index="0">
              <value>
                <![CDATA[{registrationNumber=1111, color=Black, ParkingSlotName=Parking, Runmode=y, SlotNumber=5}]]>
              </value>
            </param>
          </params>
          <reporter-output>
          </reporter-output>
        </test-method> <!-- ParkACarTest -->
        <test-method status="PASS" signature="repoquit()[pri:0, instance:com.core.restapi.RESTApiProject.testcases.ParkACar@b59d31]" name="repoquit" is-config="true" duration-ms="78" started-at="2017-04-12T15:12:35Z" finished-at="2017-04-12T15:12:35Z">
          <reporter-output>
          </reporter-output>
        </test-method> <!-- repoquit -->
        <test-method status="PASS" signature="ParkACarTest(java.util.Hashtable)[pri:0, instance:com.core.restapi.RESTApiProject.testcases.ParkACar@b59d31]" name="ParkACarTest" duration-ms="430" started-at="2017-04-12T15:12:35Z" data-provider="getData" finished-at="2017-04-12T15:12:36Z">
          <params>
            <param index="0">
              <value>
                <![CDATA[{registrationNumber=, color=Black, ParkingSlotName=Parking1, Runmode=y, SlotNumber=5}]]>
              </value>
            </param>
          </params>
          <reporter-output>
          </reporter-output>
        </test-method> <!-- ParkACarTest -->
        <test-method status="PASS" signature="repoquit()[pri:0, instance:com.core.restapi.RESTApiProject.testcases.ParkACar@b59d31]" name="repoquit" is-config="true" duration-ms="72" started-at="2017-04-12T15:12:36Z" finished-at="2017-04-12T15:12:36Z">
          <reporter-output>
          </reporter-output>
        </test-method> <!-- repoquit -->
        <test-method status="PASS" signature="ParkACarTest(java.util.Hashtable)[pri:0, instance:com.core.restapi.RESTApiProject.testcases.ParkACar@b59d31]" name="ParkACarTest" duration-ms="435" started-at="2017-04-12T15:12:36Z" data-provider="getData" finished-at="2017-04-12T15:12:36Z">
          <params>
            <param index="0">
              <value>
                <![CDATA[{registrationNumber=, color=, ParkingSlotName=Parking1, Runmode=y, SlotNumber=5}]]>
              </value>
            </param>
          </params>
          <reporter-output>
          </reporter-output>
        </test-method> <!-- ParkACarTest -->
        <test-method status="PASS" signature="repoquit()[pri:0, instance:com.core.restapi.RESTApiProject.testcases.ParkACar@b59d31]" name="repoquit" is-config="true" duration-ms="84" started-at="2017-04-12T15:12:36Z" finished-at="2017-04-12T15:12:36Z">
          <reporter-output>
          </reporter-output>
        </test-method> <!-- repoquit -->
        <test-method status="PASS" signature="ParkACarTest(java.util.Hashtable)[pri:0, instance:com.core.restapi.RESTApiProject.testcases.ParkACar@b59d31]" name="ParkACarTest" duration-ms="446" started-at="2017-04-12T15:12:36Z" data-provider="getData" finished-at="2017-04-12T15:12:37Z">
          <params>
            <param index="0">
              <value>
                <![CDATA[{registrationNumber=3333, color=, ParkingSlotName=Parking1, Runmode=y, SlotNumber=5}]]>
              </value>
            </param>
          </params>
          <reporter-output>
          </reporter-output>
        </test-method> <!-- ParkACarTest -->
        <test-method status="PASS" signature="repoquit()[pri:0, instance:com.core.restapi.RESTApiProject.testcases.ParkACar@b59d31]" name="repoquit" is-config="true" duration-ms="68" started-at="2017-04-12T15:12:37Z" finished-at="2017-04-12T15:12:37Z">
          <reporter-output>
          </reporter-output>
        </test-method> <!-- repoquit -->
        <test-method status="PASS" signature="ParkACarTest(java.util.Hashtable)[pri:0, instance:com.core.restapi.RESTApiProject.testcases.ParkACar@b59d31]" name="ParkACarTest" duration-ms="431" started-at="2017-04-12T15:12:37Z" data-provider="getData" finished-at="2017-04-12T15:12:37Z">
          <params>
            <param index="0">
              <value>
                <![CDATA[{registrationNumber=2222, color=Black, ParkingSlotName=Parking2, Runmode=y, SlotNumber=6}]]>
              </value>
            </param>
          </params>
          <reporter-output>
          </reporter-output>
        </test-method> <!-- ParkACarTest -->
        <test-method status="PASS" signature="repoquit()[pri:0, instance:com.core.restapi.RESTApiProject.testcases.ParkACar@b59d31]" name="repoquit" is-config="true" duration-ms="64" started-at="2017-04-12T15:12:37Z" finished-at="2017-04-12T15:12:37Z">
          <reporter-output>
          </reporter-output>
        </test-method> <!-- repoquit -->
      </class> <!-- com.core.restapi.RESTApiProject.testcases.ParkACar -->
    </test> <!-- ParkACarTest -->
    <test name="ParkingStatusTest" duration-ms="1617" started-at="2017-04-12T09:42:37Z" finished-at="2017-04-12T09:42:39Z">
      <class name="com.core.restapi.RESTApiProject.testcases.ParkingStatus">
        <test-method status="PASS" signature="ParkingStatusTest(java.util.Hashtable)[pri:0, instance:com.core.restapi.RESTApiProject.testcases.ParkingStatus@23bb8443]" name="ParkingStatusTest" duration-ms="434" started-at="2017-04-12T15:12:37Z" data-provider="getData" finished-at="2017-04-12T15:12:38Z">
          <params>
            <param index="0">
              <value>
                <![CDATA[{ParkingSlotName=Parking1, Runmode=y}]]>
              </value>
            </param>
          </params>
          <reporter-output>
          </reporter-output>
        </test-method> <!-- ParkingStatusTest -->
        <test-method status="PASS" signature="repoquit()[pri:0, instance:com.core.restapi.RESTApiProject.testcases.ParkingStatus@23bb8443]" name="repoquit" is-config="true" duration-ms="54" started-at="2017-04-12T15:12:38Z" finished-at="2017-04-12T15:12:38Z">
          <reporter-output>
          </reporter-output>
        </test-method> <!-- repoquit -->
        <test-method status="PASS" signature="ParkingStatusTest(java.util.Hashtable)[pri:0, instance:com.core.restapi.RESTApiProject.testcases.ParkingStatus@23bb8443]" name="ParkingStatusTest" duration-ms="456" started-at="2017-04-12T15:12:38Z" data-provider="getData" finished-at="2017-04-12T15:12:38Z">
          <params>
            <param index="0">
              <value>
                <![CDATA[{ParkingSlotName=Parking, Runmode=y}]]>
              </value>
            </param>
          </params>
          <reporter-output>
          </reporter-output>
        </test-method> <!-- ParkingStatusTest -->
        <test-method status="PASS" signature="repoquit()[pri:0, instance:com.core.restapi.RESTApiProject.testcases.ParkingStatus@23bb8443]" name="repoquit" is-config="true" duration-ms="97" started-at="2017-04-12T15:12:38Z" finished-at="2017-04-12T15:12:38Z">
          <reporter-output>
          </reporter-output>
        </test-method> <!-- repoquit -->
        <test-method status="PASS" signature="ParkingStatusTest(java.util.Hashtable)[pri:0, instance:com.core.restapi.RESTApiProject.testcases.ParkingStatus@23bb8443]" name="ParkingStatusTest" duration-ms="443" started-at="2017-04-12T15:12:38Z" data-provider="getData" finished-at="2017-04-12T15:12:39Z">
          <params>
            <param index="0">
              <value>
                <![CDATA[{ParkingSlotName=Parking2, Runmode=y}]]>
              </value>
            </param>
          </params>
          <reporter-output>
          </reporter-output>
        </test-method> <!-- ParkingStatusTest -->
        <test-method status="PASS" signature="repoquit()[pri:0, instance:com.core.restapi.RESTApiProject.testcases.ParkingStatus@23bb8443]" name="repoquit" is-config="true" duration-ms="85" started-at="2017-04-12T15:12:39Z" finished-at="2017-04-12T15:12:39Z">
          <reporter-output>
          </reporter-output>
        </test-method> <!-- repoquit -->
      </class> <!-- com.core.restapi.RESTApiProject.testcases.ParkingStatus -->
    </test> <!-- ParkingStatusTest -->
    <test name="InfoByColorTest" duration-ms="2082" started-at="2017-04-12T09:42:39Z" finished-at="2017-04-12T09:42:41Z">
      <class name="com.core.restapi.RESTApiProject.testcases.InfoByColor">
        <test-method status="PASS" signature="registerParkingTest(java.util.Hashtable)[pri:0, instance:com.core.restapi.RESTApiProject.testcases.InfoByColor@37574691]" name="registerParkingTest" duration-ms="433" started-at="2017-04-12T15:12:39Z" data-provider="getData" finished-at="2017-04-12T15:12:39Z">
          <params>
            <param index="0">
              <value>
                <![CDATA[{color=Black, ParkingSlotName=Parking1, Runmode=y}]]>
              </value>
            </param>
          </params>
          <reporter-output>
          </reporter-output>
        </test-method> <!-- registerParkingTest -->
        <test-method status="PASS" signature="repoquit()[pri:0, instance:com.core.restapi.RESTApiProject.testcases.InfoByColor@37574691]" name="repoquit" is-config="true" duration-ms="84" started-at="2017-04-12T15:12:39Z" finished-at="2017-04-12T15:12:39Z">
          <reporter-output>
          </reporter-output>
        </test-method> <!-- repoquit -->
        <test-method status="PASS" signature="registerParkingTest(java.util.Hashtable)[pri:0, instance:com.core.restapi.RESTApiProject.testcases.InfoByColor@37574691]" name="registerParkingTest" duration-ms="442" started-at="2017-04-12T15:12:39Z" data-provider="getData" finished-at="2017-04-12T15:12:40Z">
          <params>
            <param index="0">
              <value>
                <![CDATA[{color=, ParkingSlotName=Parking1, Runmode=y}]]>
              </value>
            </param>
          </params>
          <reporter-output>
          </reporter-output>
        </test-method> <!-- registerParkingTest -->
        <test-method status="PASS" signature="repoquit()[pri:0, instance:com.core.restapi.RESTApiProject.testcases.InfoByColor@37574691]" name="repoquit" is-config="true" duration-ms="49" started-at="2017-04-12T15:12:40Z" finished-at="2017-04-12T15:12:40Z">
          <reporter-output>
          </reporter-output>
        </test-method> <!-- repoquit -->
        <test-method status="PASS" signature="registerParkingTest(java.util.Hashtable)[pri:0, instance:com.core.restapi.RESTApiProject.testcases.InfoByColor@37574691]" name="registerParkingTest" duration-ms="454" started-at="2017-04-12T15:12:40Z" data-provider="getData" finished-at="2017-04-12T15:12:40Z">
          <params>
            <param index="0">
              <value>
                <![CDATA[{color=Black, ParkingSlotName=Parking, Runmode=y}]]>
              </value>
            </param>
          </params>
          <reporter-output>
          </reporter-output>
        </test-method> <!-- registerParkingTest -->
        <test-method status="PASS" signature="repoquit()[pri:0, instance:com.core.restapi.RESTApiProject.testcases.InfoByColor@37574691]" name="repoquit" is-config="true" duration-ms="67" started-at="2017-04-12T15:12:40Z" finished-at="2017-04-12T15:12:40Z">
          <reporter-output>
          </reporter-output>
        </test-method> <!-- repoquit -->
        <test-method status="PASS" signature="registerParkingTest(java.util.Hashtable)[pri:0, instance:com.core.restapi.RESTApiProject.testcases.InfoByColor@37574691]" name="registerParkingTest" duration-ms="434" started-at="2017-04-12T15:12:40Z" data-provider="getData" finished-at="2017-04-12T15:12:41Z">
          <params>
            <param index="0">
              <value>
                <![CDATA[{color=Black, ParkingSlotName=Parking2, Runmode=y}]]>
              </value>
            </param>
          </params>
          <reporter-output>
          </reporter-output>
        </test-method> <!-- registerParkingTest -->
        <test-method status="PASS" signature="repoquit()[pri:0, instance:com.core.restapi.RESTApiProject.testcases.InfoByColor@37574691]" name="repoquit" is-config="true" duration-ms="85" started-at="2017-04-12T15:12:41Z" finished-at="2017-04-12T15:12:41Z">
          <reporter-output>
          </reporter-output>
        </test-method> <!-- repoquit -->
      </class> <!-- com.core.restapi.RESTApiProject.testcases.InfoByColor -->
    </test> <!-- InfoByColorTest -->
    <test name="getSlotNumberTest" duration-ms="2644" started-at="2017-04-12T09:42:41Z" finished-at="2017-04-12T09:42:44Z">
      <class name="com.core.restapi.RESTApiProject.testcases.getSlotNumber">
        <test-method status="PASS" signature="getSlotNumberTest(java.util.Hashtable)[pri:0, instance:com.core.restapi.RESTApiProject.testcases.getSlotNumber@6c3f5566]" name="getSlotNumberTest" duration-ms="469" started-at="2017-04-12T15:12:41Z" data-provider="getData" finished-at="2017-04-12T15:12:41Z">
          <params>
            <param index="0">
              <value>
                <![CDATA[{registrationNumber=1111, color=Black, ParkingSlotName=Parking1, Runmode=y}]]>
              </value>
            </param>
          </params>
          <reporter-output>
          </reporter-output>
        </test-method> <!-- getSlotNumberTest -->
        <test-method status="PASS" signature="repoquit()[pri:0, instance:com.core.restapi.RESTApiProject.testcases.getSlotNumber@6c3f5566]" name="repoquit" is-config="true" duration-ms="75" started-at="2017-04-12T15:12:41Z" finished-at="2017-04-12T15:12:41Z">
          <reporter-output>
          </reporter-output>
        </test-method> <!-- repoquit -->
        <test-method status="PASS" signature="getSlotNumberTest(java.util.Hashtable)[pri:0, instance:com.core.restapi.RESTApiProject.testcases.getSlotNumber@6c3f5566]" name="getSlotNumberTest" duration-ms="434" started-at="2017-04-12T15:12:41Z" data-provider="getData" finished-at="2017-04-12T15:12:42Z">
          <params>
            <param index="0">
              <value>
                <![CDATA[{registrationNumber=2222, color=Black, ParkingSlotName=Parking2, Runmode=y}]]>
              </value>
            </param>
          </params>
          <reporter-output>
          </reporter-output>
        </test-method> <!-- getSlotNumberTest -->
        <test-method status="PASS" signature="repoquit()[pri:0, instance:com.core.restapi.RESTApiProject.testcases.getSlotNumber@6c3f5566]" name="repoquit" is-config="true" duration-ms="79" started-at="2017-04-12T15:12:42Z" finished-at="2017-04-12T15:12:42Z">
          <reporter-output>
          </reporter-output>
        </test-method> <!-- repoquit -->
        <test-method status="PASS" signature="getSlotNumberTest(java.util.Hashtable)[pri:0, instance:com.core.restapi.RESTApiProject.testcases.getSlotNumber@6c3f5566]" name="getSlotNumberTest" duration-ms="435" started-at="2017-04-12T15:12:42Z" data-provider="getData" finished-at="2017-04-12T15:12:42Z">
          <params>
            <param index="0">
              <value>
                <![CDATA[{registrationNumber=2222, color=Black, ParkingSlotName=Parking, Runmode=y}]]>
              </value>
            </param>
          </params>
          <reporter-output>
          </reporter-output>
        </test-method> <!-- getSlotNumberTest -->
        <test-method status="PASS" signature="repoquit()[pri:0, instance:com.core.restapi.RESTApiProject.testcases.getSlotNumber@6c3f5566]" name="repoquit" is-config="true" duration-ms="68" started-at="2017-04-12T15:12:42Z" finished-at="2017-04-12T15:12:42Z">
          <reporter-output>
          </reporter-output>
        </test-method> <!-- repoquit -->
        <test-method status="PASS" signature="getSlotNumberTest(java.util.Hashtable)[pri:0, instance:com.core.restapi.RESTApiProject.testcases.getSlotNumber@6c3f5566]" name="getSlotNumberTest" duration-ms="457" started-at="2017-04-12T15:12:42Z" data-provider="getData" finished-at="2017-04-12T15:12:43Z">
          <params>
            <param index="0">
              <value>
                <![CDATA[{registrationNumber=2222, color=, ParkingSlotName=Parking2, Runmode=y}]]>
              </value>
            </param>
          </params>
          <reporter-output>
          </reporter-output>
        </test-method> <!-- getSlotNumberTest -->
        <test-method status="PASS" signature="repoquit()[pri:0, instance:com.core.restapi.RESTApiProject.testcases.getSlotNumber@6c3f5566]" name="repoquit" is-config="true" duration-ms="59" started-at="2017-04-12T15:12:43Z" finished-at="2017-04-12T15:12:43Z">
          <reporter-output>
          </reporter-output>
        </test-method> <!-- repoquit -->
        <test-method status="PASS" signature="getSlotNumberTest(java.util.Hashtable)[pri:0, instance:com.core.restapi.RESTApiProject.testcases.getSlotNumber@6c3f5566]" name="getSlotNumberTest" duration-ms="431" started-at="2017-04-12T15:12:43Z" data-provider="getData" finished-at="2017-04-12T15:12:43Z">
          <params>
            <param index="0">
              <value>
                <![CDATA[{registrationNumber=, color=Black, ParkingSlotName=Parking2, Runmode=y}]]>
              </value>
            </param>
          </params>
          <reporter-output>
          </reporter-output>
        </test-method> <!-- getSlotNumberTest -->
        <test-method status="PASS" signature="repoquit()[pri:0, instance:com.core.restapi.RESTApiProject.testcases.getSlotNumber@6c3f5566]" name="repoquit" is-config="true" duration-ms="98" started-at="2017-04-12T15:12:43Z" finished-at="2017-04-12T15:12:44Z">
          <reporter-output>
          </reporter-output>
        </test-method> <!-- repoquit -->
      </class> <!-- com.core.restapi.RESTApiProject.testcases.getSlotNumber -->
    </test> <!-- getSlotNumberTest -->
    <test name="vacateParkingTest" duration-ms="1575" started-at="2017-04-12T09:42:44Z" finished-at="2017-04-12T09:42:45Z">
      <class name="com.core.restapi.RESTApiProject.testcases.vacateParking">
        <test-method status="PASS" signature="vacateParkingTest(java.util.Hashtable)[pri:0, instance:com.core.restapi.RESTApiProject.testcases.vacateParking@71248c21]" name="vacateParkingTest" duration-ms="443" started-at="2017-04-12T15:12:44Z" data-provider="getData" finished-at="2017-04-12T15:12:44Z">
          <params>
            <param index="0">
              <value>
                <![CDATA[{ParkingSlotName=Parking1, Runmode=y}]]>
              </value>
            </param>
          </params>
          <reporter-output>
          </reporter-output>
        </test-method> <!-- vacateParkingTest -->
        <test-method status="PASS" signature="repoquit()[pri:0, instance:com.core.restapi.RESTApiProject.testcases.vacateParking@71248c21]" name="repoquit" is-config="true" duration-ms="93" started-at="2017-04-12T15:12:44Z" finished-at="2017-04-12T15:12:44Z">
          <reporter-output>
          </reporter-output>
        </test-method> <!-- repoquit -->
        <test-method status="PASS" signature="vacateParkingTest(java.util.Hashtable)[pri:0, instance:com.core.restapi.RESTApiProject.testcases.vacateParking@71248c21]" name="vacateParkingTest" duration-ms="451" started-at="2017-04-12T15:12:44Z" data-provider="getData" finished-at="2017-04-12T15:12:45Z">
          <params>
            <param index="0">
              <value>
                <![CDATA[{ParkingSlotName=Parking2, Runmode=y}]]>
              </value>
            </param>
          </params>
          <reporter-output>
          </reporter-output>
        </test-method> <!-- vacateParkingTest -->
        <test-method status="PASS" signature="repoquit()[pri:0, instance:com.core.restapi.RESTApiProject.testcases.vacateParking@71248c21]" name="repoquit" is-config="true" duration-ms="52" started-at="2017-04-12T15:12:45Z" finished-at="2017-04-12T15:12:45Z">
          <reporter-output>
          </reporter-output>
        </test-method> <!-- repoquit -->
        <test-method status="PASS" signature="vacateParkingTest(java.util.Hashtable)[pri:0, instance:com.core.restapi.RESTApiProject.testcases.vacateParking@71248c21]" name="vacateParkingTest" duration-ms="458" started-at="2017-04-12T15:12:45Z" data-provider="getData" finished-at="2017-04-12T15:12:45Z">
          <params>
            <param index="0">
              <value>
                <![CDATA[{ParkingSlotName=Parking, Runmode=y}]]>
              </value>
            </param>
          </params>
          <reporter-output>
          </reporter-output>
        </test-method> <!-- vacateParkingTest -->
        <test-method status="PASS" signature="repoquit()[pri:0, instance:com.core.restapi.RESTApiProject.testcases.vacateParking@71248c21]" name="repoquit" is-config="true" duration-ms="35" started-at="2017-04-12T15:12:45Z" finished-at="2017-04-12T15:12:45Z">
          <reporter-output>
          </reporter-output>
        </test-method> <!-- repoquit -->
      </class> <!-- com.core.restapi.RESTApiProject.testcases.vacateParking -->
    </test> <!-- vacateParkingTest -->
  </suite> <!-- SuiteName -->
</testng-results>
