<?xml version="1.0" encoding="UTF-8"?>
<testng-results skipped="0" failed="0" total="32" passed="32">
  <reporter-output>
  </reporter-output>
  <suite name="SuiteName" duration-ms="17911" started-at="2017-04-12T17:46:15Z" finished-at="2017-04-12T17:46:33Z">
    <groups>
    </groups>
    <test name="registerParkingTest" duration-ms="3249" started-at="2017-04-12T17:46:15Z" finished-at="2017-04-12T17:46:18Z">
      <class name="com.core.restapi.RESTApiProject.testcases.registerParkingLot">
        <test-method status="PASS" signature="registerParkingTest(java.util.Hashtable)[pri:0, instance:com.core.restapi.RESTApiProject.testcases.registerParkingLot@1b083826]" name="registerParkingTest" duration-ms="881" started-at="2017-04-12T23:16:15Z" data-provider="getData" finished-at="2017-04-12T23:16:16Z">
          <params>
            <param index="0">
              <value>
                <![CDATA[{ParkingSlotName=Parking1, Runmode=y}]]>
              </value>
            </param>
          </params>
          <reporter-output>
          </reporter-output>
        </test-method> <!-- registerParkingTest -->
        <test-method status="PASS" signature="repoquit()[pri:0, instance:com.core.restapi.RESTApiProject.testcases.registerParkingLot@1b083826]" name="repoquit" is-config="true" duration-ms="270" started-at="2017-04-12T23:16:16Z" finished-at="2017-04-12T23:16:16Z">
          <reporter-output>
          </reporter-output>
        </test-method> <!-- repoquit -->
        <test-method status="PASS" signature="registerParkingTest(java.util.Hashtable)[pri:0, instance:com.core.restapi.RESTApiProject.testcases.registerParkingLot@1b083826]" name="registerParkingTest" duration-ms="456" started-at="2017-04-12T23:16:16Z" data-provider="getData" finished-at="2017-04-12T23:16:17Z">
          <params>
            <param index="0">
              <value>
                <![CDATA[{ParkingSlotName=Parking2, Runmode=y}]]>
              </value>
            </param>
          </params>
          <reporter-output>
          </reporter-output>
        </test-method> <!-- registerParkingTest -->
        <test-method status="PASS" signature="repoquit()[pri:0, instance:com.core.restapi.RESTApiProject.testcases.registerParkingLot@1b083826]" name="repoquit" is-config="true" duration-ms="106" started-at="2017-04-12T23:16:17Z" finished-at="2017-04-12T23:16:17Z">
          <reporter-output>
          </reporter-output>
        </test-method> <!-- repoquit -->
        <test-method status="PASS" signature="registerParkingTest(java.util.Hashtable)[pri:0, instance:com.core.restapi.RESTApiProject.testcases.registerParkingLot@1b083826]" name="registerParkingTest" duration-ms="436" started-at="2017-04-12T23:16:17Z" data-provider="getData" finished-at="2017-04-12T23:16:17Z">
          <params>
            <param index="0">
              <value>
                <![CDATA[{ParkingSlotName=Parking3, Runmode=y}]]>
              </value>
            </param>
          </params>
          <reporter-output>
          </reporter-output>
        </test-method> <!-- registerParkingTest -->
        <test-method status="PASS" signature="repoquit()[pri:0, instance:com.core.restapi.RESTApiProject.testcases.registerParkingLot@1b083826]" name="repoquit" is-config="true" duration-ms="70" started-at="2017-04-12T23:16:17Z" finished-at="2017-04-12T23:16:17Z">
          <reporter-output>
          </reporter-output>
        </test-method> <!-- repoquit -->
        <test-method status="PASS" signature="registerParkingTest(java.util.Hashtable)[pri:0, instance:com.core.restapi.RESTApiProject.testcases.registerParkingLot@1b083826]" name="registerParkingTest" duration-ms="432" started-at="2017-04-12T23:16:17Z" data-provider="getData" finished-at="2017-04-12T23:16:18Z">
          <params>
            <param index="0">
              <value>
                <![CDATA[{ParkingSlotName=, Runmode=y}]]>
              </value>
            </param>
          </params>
          <reporter-output>
          </reporter-output>
        </test-method> <!-- registerParkingTest -->
        <test-method status="PASS" signature="repoquit()[pri:0, instance:com.core.restapi.RESTApiProject.testcases.registerParkingLot@1b083826]" name="repoquit" is-config="true" duration-ms="90" started-at="2017-04-12T23:16:18Z" finished-at="2017-04-12T23:16:18Z">
          <reporter-output>
          </reporter-output>
        </test-method> <!-- repoquit -->
      </class> <!-- com.core.restapi.RESTApiProject.testcases.registerParkingLot -->
    </test> <!-- registerParkingTest -->
    <test name="CreateParkingTest" duration-ms="3601" started-at="2017-04-12T17:46:18Z" finished-at="2017-04-12T17:46:22Z">
      <class name="com.core.restapi.RESTApiProject.testcases.CreateParking">
        <test-method status="PASS" signature="CreateParkingTest(java.util.Hashtable)[pri:0, instance:com.core.restapi.RESTApiProject.testcases.CreateParking@48524010]" name="CreateParkingTest" duration-ms="439" started-at="2017-04-12T23:16:18Z" data-provider="getData" finished-at="2017-04-12T23:16:18Z">
          <params>
            <param index="0">
              <value>
                <![CDATA[{ParkingSlotName=Parking1, Runmode=y, SlotNumber=5}]]>
              </value>
            </param>
          </params>
          <reporter-output>
          </reporter-output>
        </test-method> <!-- CreateParkingTest -->
        <test-method status="PASS" signature="repoquit()[pri:0, instance:com.core.restapi.RESTApiProject.testcases.CreateParking@48524010]" name="repoquit" is-config="true" duration-ms="79" started-at="2017-04-12T23:16:18Z" finished-at="2017-04-12T23:16:19Z">
          <reporter-output>
          </reporter-output>
        </test-method> <!-- repoquit -->
        <test-method status="PASS" signature="CreateParkingTest(java.util.Hashtable)[pri:0, instance:com.core.restapi.RESTApiProject.testcases.CreateParking@48524010]" name="CreateParkingTest" duration-ms="428" started-at="2017-04-12T23:16:19Z" data-provider="getData" finished-at="2017-04-12T23:16:19Z">
          <params>
            <param index="0">
              <value>
                <![CDATA[{ParkingSlotName=Parking2, Runmode=y, SlotNumber=6}]]>
              </value>
            </param>
          </params>
          <reporter-output>
          </reporter-output>
        </test-method> <!-- CreateParkingTest -->
        <test-method status="PASS" signature="repoquit()[pri:0, instance:com.core.restapi.RESTApiProject.testcases.CreateParking@48524010]" name="repoquit" is-config="true" duration-ms="91" started-at="2017-04-12T23:16:19Z" finished-at="2017-04-12T23:16:19Z">
          <reporter-output>
          </reporter-output>
        </test-method> <!-- repoquit -->
        <test-method status="PASS" signature="CreateParkingTest(java.util.Hashtable)[pri:0, instance:com.core.restapi.RESTApiProject.testcases.CreateParking@48524010]" name="CreateParkingTest" duration-ms="439" started-at="2017-04-12T23:16:19Z" data-provider="getData" finished-at="2017-04-12T23:16:20Z">
          <params>
            <param index="0">
              <value>
                <![CDATA[{ParkingSlotName=Parking2, Runmode=y, SlotNumber=a}]]>
              </value>
            </param>
          </params>
          <reporter-output>
          </reporter-output>
        </test-method> <!-- CreateParkingTest -->
        <test-method status="PASS" signature="repoquit()[pri:0, instance:com.core.restapi.RESTApiProject.testcases.CreateParking@48524010]" name="repoquit" is-config="true" duration-ms="53" started-at="2017-04-12T23:16:20Z" finished-at="2017-04-12T23:16:20Z">
          <reporter-output>
          </reporter-output>
        </test-method> <!-- repoquit -->
        <test-method status="PASS" signature="CreateParkingTest(java.util.Hashtable)[pri:0, instance:com.core.restapi.RESTApiProject.testcases.CreateParking@48524010]" name="CreateParkingTest" duration-ms="437" started-at="2017-04-12T23:16:20Z" data-provider="getData" finished-at="2017-04-12T23:16:20Z">
          <params>
            <param index="0">
              <value>
                <![CDATA[{ParkingSlotName=Parking2, Runmode=y, SlotNumber=1.5}]]>
              </value>
            </param>
          </params>
          <reporter-output>
          </reporter-output>
        </test-method> <!-- CreateParkingTest -->
        <test-method status="PASS" signature="repoquit()[pri:0, instance:com.core.restapi.RESTApiProject.testcases.CreateParking@48524010]" name="repoquit" is-config="true" duration-ms="81" started-at="2017-04-12T23:16:20Z" finished-at="2017-04-12T23:16:20Z">
          <reporter-output>
          </reporter-output>
        </test-method> <!-- repoquit -->
        <test-method status="PASS" signature="CreateParkingTest(java.util.Hashtable)[pri:0, instance:com.core.restapi.RESTApiProject.testcases.CreateParking@48524010]" name="CreateParkingTest" duration-ms="443" started-at="2017-04-12T23:16:20Z" data-provider="getData" finished-at="2017-04-12T23:16:21Z">
          <params>
            <param index="0">
              <value>
                <![CDATA[{ParkingSlotName=Parking, Runmode=y, SlotNumber=5}]]>
              </value>
            </param>
          </params>
          <reporter-output>
          </reporter-output>
        </test-method> <!-- CreateParkingTest -->
        <test-method status="PASS" signature="repoquit()[pri:0, instance:com.core.restapi.RESTApiProject.testcases.CreateParking@48524010]" name="repoquit" is-config="true" duration-ms="50" started-at="2017-04-12T23:16:21Z" finished-at="2017-04-12T23:16:21Z">
          <reporter-output>
          </reporter-output>
        </test-method> <!-- repoquit -->
        <test-method status="PASS" signature="CreateParkingTest(java.util.Hashtable)[pri:0, instance:com.core.restapi.RESTApiProject.testcases.CreateParking@48524010]" name="CreateParkingTest" duration-ms="434" started-at="2017-04-12T23:16:21Z" data-provider="getData" finished-at="2017-04-12T23:16:21Z">
          <params>
            <param index="0">
              <value>
                <![CDATA[{ParkingSlotName=Parking3, Runmode=y, SlotNumber=0}]]>
              </value>
            </param>
          </params>
          <reporter-output>
          </reporter-output>
        </test-method> <!-- CreateParkingTest -->
        <test-method status="PASS" signature="repoquit()[pri:0, instance:com.core.restapi.RESTApiProject.testcases.CreateParking@48524010]" name="repoquit" is-config="true" duration-ms="84" started-at="2017-04-12T23:16:21Z" finished-at="2017-04-12T23:16:21Z">
          <reporter-output>
          </reporter-output>
        </test-method> <!-- repoquit -->
        <test-method status="PASS" signature="CreateParkingTest(java.util.Hashtable)[pri:0, instance:com.core.restapi.RESTApiProject.testcases.CreateParking@48524010]" name="CreateParkingTest" duration-ms="442" started-at="2017-04-12T23:16:21Z" data-provider="getData" finished-at="2017-04-12T23:16:22Z">
          <params>
            <param index="0">
              <value>
                <![CDATA[{ParkingSlotName=Parking3, Runmode=y, SlotNumber=-5}]]>
              </value>
            </param>
          </params>
          <reporter-output>
          </reporter-output>
        </test-method> <!-- CreateParkingTest -->
        <test-method status="PASS" signature="repoquit()[pri:0, instance:com.core.restapi.RESTApiProject.testcases.CreateParking@48524010]" name="repoquit" is-config="true" duration-ms="48" started-at="2017-04-12T23:16:22Z" finished-at="2017-04-12T23:16:22Z">
          <reporter-output>
          </reporter-output>
        </test-method> <!-- repoquit -->
      </class> <!-- com.core.restapi.RESTApiProject.testcases.CreateParking -->
    </test> <!-- CreateParkingTest -->
    <test name="ParkACarTest" duration-ms="3082" started-at="2017-04-12T17:46:22Z" finished-at="2017-04-12T17:46:25Z">
      <class name="com.core.restapi.RESTApiProject.testcases.ParkACar">
        <test-method status="PASS" signature="ParkACarTest(java.util.Hashtable)[pri:0, instance:com.core.restapi.RESTApiProject.testcases.ParkACar@258e2e41]" name="ParkACarTest" duration-ms="432" started-at="2017-04-12T23:16:22Z" data-provider="getData" finished-at="2017-04-12T23:16:22Z">
          <params>
            <param index="0">
              <value>
                <![CDATA[{registrationNumber=1111, color=Black, ParkingSlotName=Parking1, Runmode=y, SlotNumber=5}]]>
              </value>
            </param>
          </params>
          <reporter-output>
          </reporter-output>
        </test-method> <!-- ParkACarTest -->
        <test-method status="PASS" signature="repoquit()[pri:0, instance:com.core.restapi.RESTApiProject.testcases.ParkACar@258e2e41]" name="repoquit" is-config="true" duration-ms="58" started-at="2017-04-12T23:16:22Z" finished-at="2017-04-12T23:16:22Z">
          <reporter-output>
          </reporter-output>
        </test-method> <!-- repoquit -->
        <test-method status="PASS" signature="ParkACarTest(java.util.Hashtable)[pri:0, instance:com.core.restapi.RESTApiProject.testcases.ParkACar@258e2e41]" name="ParkACarTest" duration-ms="430" started-at="2017-04-12T23:16:22Z" data-provider="getData" finished-at="2017-04-12T23:16:23Z">
          <params>
            <param index="0">
              <value>
                <![CDATA[{registrationNumber=1111, color=Black, ParkingSlotName=Parking, Runmode=y, SlotNumber=5}]]>
              </value>
            </param>
          </params>
          <reporter-output>
          </reporter-output>
        </test-method> <!-- ParkACarTest -->
        <test-method status="PASS" signature="repoquit()[pri:0, instance:com.core.restapi.RESTApiProject.testcases.ParkACar@258e2e41]" name="repoquit" is-config="true" duration-ms="51" started-at="2017-04-12T23:16:23Z" finished-at="2017-04-12T23:16:23Z">
          <reporter-output>
          </reporter-output>
        </test-method> <!-- repoquit -->
        <test-method status="PASS" signature="ParkACarTest(java.util.Hashtable)[pri:0, instance:com.core.restapi.RESTApiProject.testcases.ParkACar@258e2e41]" name="ParkACarTest" duration-ms="436" started-at="2017-04-12T23:16:23Z" data-provider="getData" finished-at="2017-04-12T23:16:23Z">
          <params>
            <param index="0">
              <value>
                <![CDATA[{registrationNumber=, color=Black, ParkingSlotName=Parking1, Runmode=y, SlotNumber=5}]]>
              </value>
            </param>
          </params>
          <reporter-output>
          </reporter-output>
        </test-method> <!-- ParkACarTest -->
        <test-method status="PASS" signature="repoquit()[pri:0, instance:com.core.restapi.RESTApiProject.testcases.ParkACar@258e2e41]" name="repoquit" is-config="true" duration-ms="76" started-at="2017-04-12T23:16:23Z" finished-at="2017-04-12T23:16:23Z">
          <reporter-output>
          </reporter-output>
        </test-method> <!-- repoquit -->
        <test-method status="PASS" signature="ParkACarTest(java.util.Hashtable)[pri:0, instance:com.core.restapi.RESTApiProject.testcases.ParkACar@258e2e41]" name="ParkACarTest" duration-ms="424" started-at="2017-04-12T23:16:23Z" data-provider="getData" finished-at="2017-04-12T23:16:24Z">
          <params>
            <param index="0">
              <value>
                <![CDATA[{registrationNumber=, color=, ParkingSlotName=Parking1, Runmode=y, SlotNumber=5}]]>
              </value>
            </param>
          </params>
          <reporter-output>
          </reporter-output>
        </test-method> <!-- ParkACarTest -->
        <test-method status="PASS" signature="repoquit()[pri:0, instance:com.core.restapi.RESTApiProject.testcases.ParkACar@258e2e41]" name="repoquit" is-config="true" duration-ms="69" started-at="2017-04-12T23:16:24Z" finished-at="2017-04-12T23:16:24Z">
          <reporter-output>
          </reporter-output>
        </test-method> <!-- repoquit -->
        <test-method status="PASS" signature="ParkACarTest(java.util.Hashtable)[pri:0, instance:com.core.restapi.RESTApiProject.testcases.ParkACar@258e2e41]" name="ParkACarTest" duration-ms="436" started-at="2017-04-12T23:16:24Z" data-provider="getData" finished-at="2017-04-12T23:16:24Z">
          <params>
            <param index="0">
              <value>
                <![CDATA[{registrationNumber=3333, color=, ParkingSlotName=Parking1, Runmode=y, SlotNumber=5}]]>
              </value>
            </param>
          </params>
          <reporter-output>
          </reporter-output>
        </test-method> <!-- ParkACarTest -->
        <test-method status="PASS" signature="repoquit()[pri:0, instance:com.core.restapi.RESTApiProject.testcases.ParkACar@258e2e41]" name="repoquit" is-config="true" duration-ms="120" started-at="2017-04-12T23:16:24Z" finished-at="2017-04-12T23:16:24Z">
          <reporter-output>
          </reporter-output>
        </test-method> <!-- repoquit -->
        <test-method status="PASS" signature="ParkACarTest(java.util.Hashtable)[pri:0, instance:com.core.restapi.RESTApiProject.testcases.ParkACar@258e2e41]" name="ParkACarTest" duration-ms="447" started-at="2017-04-12T23:16:24Z" data-provider="getData" finished-at="2017-04-12T23:16:25Z">
          <params>
            <param index="0">
              <value>
                <![CDATA[{registrationNumber=2222, color=Black, ParkingSlotName=Parking2, Runmode=y, SlotNumber=6}]]>
              </value>
            </param>
          </params>
          <reporter-output>
          </reporter-output>
        </test-method> <!-- ParkACarTest -->
        <test-method status="PASS" signature="repoquit()[pri:0, instance:com.core.restapi.RESTApiProject.testcases.ParkACar@258e2e41]" name="repoquit" is-config="true" duration-ms="55" started-at="2017-04-12T23:16:25Z" finished-at="2017-04-12T23:16:25Z">
          <reporter-output>
          </reporter-output>
        </test-method> <!-- repoquit -->
      </class> <!-- com.core.restapi.RESTApiProject.testcases.ParkACar -->
    </test> <!-- ParkACarTest -->
    <test name="ParkingStatusTest" duration-ms="1599" started-at="2017-04-12T17:46:25Z" finished-at="2017-04-12T17:46:26Z">
      <class name="com.core.restapi.RESTApiProject.testcases.ParkingStatus">
        <test-method status="PASS" signature="ParkingStatusTest(java.util.Hashtable)[pri:0, instance:com.core.restapi.RESTApiProject.testcases.ParkingStatus@143640d5]" name="ParkingStatusTest" duration-ms="431" started-at="2017-04-12T23:16:25Z" data-provider="getData" finished-at="2017-04-12T23:16:25Z">
          <params>
            <param index="0">
              <value>
                <![CDATA[{ParkingSlotName=Parking1, Runmode=y}]]>
              </value>
            </param>
          </params>
          <reporter-output>
          </reporter-output>
        </test-method> <!-- ParkingStatusTest -->
        <test-method status="PASS" signature="repoquit()[pri:0, instance:com.core.restapi.RESTApiProject.testcases.ParkingStatus@143640d5]" name="repoquit" is-config="true" duration-ms="109" started-at="2017-04-12T23:16:25Z" finished-at="2017-04-12T23:16:25Z">
          <reporter-output>
          </reporter-output>
        </test-method> <!-- repoquit -->
        <test-method status="PASS" signature="ParkingStatusTest(java.util.Hashtable)[pri:0, instance:com.core.restapi.RESTApiProject.testcases.ParkingStatus@143640d5]" name="ParkingStatusTest" duration-ms="425" started-at="2017-04-12T23:16:25Z" data-provider="getData" finished-at="2017-04-12T23:16:26Z">
          <params>
            <param index="0">
              <value>
                <![CDATA[{ParkingSlotName=Parking, Runmode=y}]]>
              </value>
            </param>
          </params>
          <reporter-output>
          </reporter-output>
        </test-method> <!-- ParkingStatusTest -->
        <test-method status="PASS" signature="repoquit()[pri:0, instance:com.core.restapi.RESTApiProject.testcases.ParkingStatus@143640d5]" name="repoquit" is-config="true" duration-ms="74" started-at="2017-04-12T23:16:26Z" finished-at="2017-04-12T23:16:26Z">
          <reporter-output>
          </reporter-output>
        </test-method> <!-- repoquit -->
        <test-method status="PASS" signature="ParkingStatusTest(java.util.Hashtable)[pri:0, instance:com.core.restapi.RESTApiProject.testcases.ParkingStatus@143640d5]" name="ParkingStatusTest" duration-ms="441" started-at="2017-04-12T23:16:26Z" data-provider="getData" finished-at="2017-04-12T23:16:26Z">
          <params>
            <param index="0">
              <value>
                <![CDATA[{ParkingSlotName=Parking2, Runmode=y}]]>
              </value>
            </param>
          </params>
          <reporter-output>
          </reporter-output>
        </test-method> <!-- ParkingStatusTest -->
        <test-method status="PASS" signature="repoquit()[pri:0, instance:com.core.restapi.RESTApiProject.testcases.ParkingStatus@143640d5]" name="repoquit" is-config="true" duration-ms="81" started-at="2017-04-12T23:16:26Z" finished-at="2017-04-12T23:16:26Z">
          <reporter-output>
          </reporter-output>
        </test-method> <!-- repoquit -->
      </class> <!-- com.core.restapi.RESTApiProject.testcases.ParkingStatus -->
    </test> <!-- ParkingStatusTest -->
    <test name="InfoByColorTest" duration-ms="2121" started-at="2017-04-12T17:46:26Z" finished-at="2017-04-12T17:46:28Z">
      <class name="com.core.restapi.RESTApiProject.testcases.InfoByColor">
        <test-method status="PASS" signature="registerParkingTest(java.util.Hashtable)[pri:0, instance:com.core.restapi.RESTApiProject.testcases.InfoByColor@2aa5fe93]" name="registerParkingTest" duration-ms="452" started-at="2017-04-12T23:16:26Z" data-provider="getData" finished-at="2017-04-12T23:16:27Z">
          <params>
            <param index="0">
              <value>
                <![CDATA[{color=Black, ParkingSlotName=Parking1, Runmode=y}]]>
              </value>
            </param>
          </params>
          <reporter-output>
          </reporter-output>
        </test-method> <!-- registerParkingTest -->
        <test-method status="PASS" signature="repoquit()[pri:0, instance:com.core.restapi.RESTApiProject.testcases.InfoByColor@2aa5fe93]" name="repoquit" is-config="true" duration-ms="79" started-at="2017-04-12T23:16:27Z" finished-at="2017-04-12T23:16:27Z">
          <reporter-output>
          </reporter-output>
        </test-method> <!-- repoquit -->
        <test-method status="PASS" signature="registerParkingTest(java.util.Hashtable)[pri:0, instance:com.core.restapi.RESTApiProject.testcases.InfoByColor@2aa5fe93]" name="registerParkingTest" duration-ms="432" started-at="2017-04-12T23:16:27Z" data-provider="getData" finished-at="2017-04-12T23:16:27Z">
          <params>
            <param index="0">
              <value>
                <![CDATA[{color=, ParkingSlotName=Parking1, Runmode=y}]]>
              </value>
            </param>
          </params>
          <reporter-output>
          </reporter-output>
        </test-method> <!-- registerParkingTest -->
        <test-method status="PASS" signature="repoquit()[pri:0, instance:com.core.restapi.RESTApiProject.testcases.InfoByColor@2aa5fe93]" name="repoquit" is-config="true" duration-ms="107" started-at="2017-04-12T23:16:27Z" finished-at="2017-04-12T23:16:27Z">
          <reporter-output>
          </reporter-output>
        </test-method> <!-- repoquit -->
        <test-method status="PASS" signature="registerParkingTest(java.util.Hashtable)[pri:0, instance:com.core.restapi.RESTApiProject.testcases.InfoByColor@2aa5fe93]" name="registerParkingTest" duration-ms="422" started-at="2017-04-12T23:16:27Z" data-provider="getData" finished-at="2017-04-12T23:16:28Z">
          <params>
            <param index="0">
              <value>
                <![CDATA[{color=Black, ParkingSlotName=Parking, Runmode=y}]]>
              </value>
            </param>
          </params>
          <reporter-output>
          </reporter-output>
        </test-method> <!-- registerParkingTest -->
        <test-method status="PASS" signature="repoquit()[pri:0, instance:com.core.restapi.RESTApiProject.testcases.InfoByColor@2aa5fe93]" name="repoquit" is-config="true" duration-ms="73" started-at="2017-04-12T23:16:28Z" finished-at="2017-04-12T23:16:28Z">
          <reporter-output>
          </reporter-output>
        </test-method> <!-- repoquit -->
        <test-method status="PASS" signature="registerParkingTest(java.util.Hashtable)[pri:0, instance:com.core.restapi.RESTApiProject.testcases.InfoByColor@2aa5fe93]" name="registerParkingTest" duration-ms="418" started-at="2017-04-12T23:16:28Z" data-provider="getData" finished-at="2017-04-12T23:16:28Z">
          <params>
            <param index="0">
              <value>
                <![CDATA[{color=Black, ParkingSlotName=Parking2, Runmode=y}]]>
              </value>
            </param>
          </params>
          <reporter-output>
          </reporter-output>
        </test-method> <!-- registerParkingTest -->
        <test-method status="PASS" signature="repoquit()[pri:0, instance:com.core.restapi.RESTApiProject.testcases.InfoByColor@2aa5fe93]" name="repoquit" is-config="true" duration-ms="103" started-at="2017-04-12T23:16:28Z" finished-at="2017-04-12T23:16:28Z">
          <reporter-output>
          </reporter-output>
        </test-method> <!-- repoquit -->
      </class> <!-- com.core.restapi.RESTApiProject.testcases.InfoByColor -->
    </test> <!-- InfoByColorTest -->
    <test name="getSlotNumberTest" duration-ms="2605" started-at="2017-04-12T17:46:28Z" finished-at="2017-04-12T17:46:31Z">
      <class name="com.core.restapi.RESTApiProject.testcases.getSlotNumber">
        <test-method status="PASS" signature="getSlotNumberTest(java.util.Hashtable)[pri:0, instance:com.core.restapi.RESTApiProject.testcases.getSlotNumber@37e547da]" name="getSlotNumberTest" duration-ms="431" started-at="2017-04-12T23:16:29Z" data-provider="getData" finished-at="2017-04-12T23:16:29Z">
          <params>
            <param index="0">
              <value>
                <![CDATA[{registrationNumber=1111, color=Black, ParkingSlotName=Parking1, Runmode=y}]]>
              </value>
            </param>
          </params>
          <reporter-output>
          </reporter-output>
        </test-method> <!-- getSlotNumberTest -->
        <test-method status="PASS" signature="repoquit()[pri:0, instance:com.core.restapi.RESTApiProject.testcases.getSlotNumber@37e547da]" name="repoquit" is-config="true" duration-ms="73" started-at="2017-04-12T23:16:29Z" finished-at="2017-04-12T23:16:29Z">
          <reporter-output>
          </reporter-output>
        </test-method> <!-- repoquit -->
        <test-method status="PASS" signature="getSlotNumberTest(java.util.Hashtable)[pri:0, instance:com.core.restapi.RESTApiProject.testcases.getSlotNumber@37e547da]" name="getSlotNumberTest" duration-ms="424" started-at="2017-04-12T23:16:29Z" data-provider="getData" finished-at="2017-04-12T23:16:29Z">
          <params>
            <param index="0">
              <value>
                <![CDATA[{registrationNumber=2222, color=Black, ParkingSlotName=Parking2, Runmode=y}]]>
              </value>
            </param>
          </params>
          <reporter-output>
          </reporter-output>
        </test-method> <!-- getSlotNumberTest -->
        <test-method status="PASS" signature="repoquit()[pri:0, instance:com.core.restapi.RESTApiProject.testcases.getSlotNumber@37e547da]" name="repoquit" is-config="true" duration-ms="97" started-at="2017-04-12T23:16:29Z" finished-at="2017-04-12T23:16:30Z">
          <reporter-output>
          </reporter-output>
        </test-method> <!-- repoquit -->
        <test-method status="PASS" signature="getSlotNumberTest(java.util.Hashtable)[pri:0, instance:com.core.restapi.RESTApiProject.testcases.getSlotNumber@37e547da]" name="getSlotNumberTest" duration-ms="419" started-at="2017-04-12T23:16:30Z" data-provider="getData" finished-at="2017-04-12T23:16:30Z">
          <params>
            <param index="0">
              <value>
                <![CDATA[{registrationNumber=2222, color=Black, ParkingSlotName=Parking, Runmode=y}]]>
              </value>
            </param>
          </params>
          <reporter-output>
          </reporter-output>
        </test-method> <!-- getSlotNumberTest -->
        <test-method status="PASS" signature="repoquit()[pri:0, instance:com.core.restapi.RESTApiProject.testcases.getSlotNumber@37e547da]" name="repoquit" is-config="true" duration-ms="61" started-at="2017-04-12T23:16:30Z" finished-at="2017-04-12T23:16:30Z">
          <reporter-output>
          </reporter-output>
        </test-method> <!-- repoquit -->
        <test-method status="PASS" signature="getSlotNumberTest(java.util.Hashtable)[pri:0, instance:com.core.restapi.RESTApiProject.testcases.getSlotNumber@37e547da]" name="getSlotNumberTest" duration-ms="427" started-at="2017-04-12T23:16:30Z" data-provider="getData" finished-at="2017-04-12T23:16:30Z">
          <params>
            <param index="0">
              <value>
                <![CDATA[{registrationNumber=2222, color=, ParkingSlotName=Parking2, Runmode=y}]]>
              </value>
            </param>
          </params>
          <reporter-output>
          </reporter-output>
        </test-method> <!-- getSlotNumberTest -->
        <test-method status="PASS" signature="repoquit()[pri:0, instance:com.core.restapi.RESTApiProject.testcases.getSlotNumber@37e547da]" name="repoquit" is-config="true" duration-ms="80" started-at="2017-04-12T23:16:30Z" finished-at="2017-04-12T23:16:31Z">
          <reporter-output>
          </reporter-output>
        </test-method> <!-- repoquit -->
        <test-method status="PASS" signature="getSlotNumberTest(java.util.Hashtable)[pri:0, instance:com.core.restapi.RESTApiProject.testcases.getSlotNumber@37e547da]" name="getSlotNumberTest" duration-ms="464" started-at="2017-04-12T23:16:31Z" data-provider="getData" finished-at="2017-04-12T23:16:31Z">
          <params>
            <param index="0">
              <value>
                <![CDATA[{registrationNumber=, color=Black, ParkingSlotName=Parking2, Runmode=y}]]>
              </value>
            </param>
          </params>
          <reporter-output>
          </reporter-output>
        </test-method> <!-- getSlotNumberTest -->
        <test-method status="PASS" signature="repoquit()[pri:0, instance:com.core.restapi.RESTApiProject.testcases.getSlotNumber@37e547da]" name="repoquit" is-config="true" duration-ms="84" started-at="2017-04-12T23:16:31Z" finished-at="2017-04-12T23:16:31Z">
          <reporter-output>
          </reporter-output>
        </test-method> <!-- repoquit -->
      </class> <!-- com.core.restapi.RESTApiProject.testcases.getSlotNumber -->
    </test> <!-- getSlotNumberTest -->
    <test name="vacateParkingTest" duration-ms="1503" started-at="2017-04-12T17:46:31Z" finished-at="2017-04-12T17:46:33Z">
      <class name="com.core.restapi.RESTApiProject.testcases.vacateParking">
        <test-method status="PASS" signature="vacateParkingTest(java.util.Hashtable)[pri:0, instance:com.core.restapi.RESTApiProject.testcases.vacateParking@45dd4eda]" name="vacateParkingTest" duration-ms="424" started-at="2017-04-12T23:16:31Z" data-provider="getData" finished-at="2017-04-12T23:16:32Z">
          <params>
            <param index="0">
              <value>
                <![CDATA[{ParkingSlotName=Parking1, Runmode=y}]]>
              </value>
            </param>
          </params>
          <reporter-output>
          </reporter-output>
        </test-method> <!-- vacateParkingTest -->
        <test-method status="PASS" signature="repoquit()[pri:0, instance:com.core.restapi.RESTApiProject.testcases.vacateParking@45dd4eda]" name="repoquit" is-config="true" duration-ms="63" started-at="2017-04-12T23:16:32Z" finished-at="2017-04-12T23:16:32Z">
          <reporter-output>
          </reporter-output>
        </test-method> <!-- repoquit -->
        <test-method status="PASS" signature="vacateParkingTest(java.util.Hashtable)[pri:0, instance:com.core.restapi.RESTApiProject.testcases.vacateParking@45dd4eda]" name="vacateParkingTest" duration-ms="427" started-at="2017-04-12T23:16:32Z" data-provider="getData" finished-at="2017-04-12T23:16:32Z">
          <params>
            <param index="0">
              <value>
                <![CDATA[{ParkingSlotName=Parking2, Runmode=y}]]>
              </value>
            </param>
          </params>
          <reporter-output>
          </reporter-output>
        </test-method> <!-- vacateParkingTest -->
        <test-method status="PASS" signature="repoquit()[pri:0, instance:com.core.restapi.RESTApiProject.testcases.vacateParking@45dd4eda]" name="repoquit" is-config="true" duration-ms="85" started-at="2017-04-12T23:16:32Z" finished-at="2017-04-12T23:16:32Z">
          <reporter-output>
          </reporter-output>
        </test-method> <!-- repoquit -->
        <test-method status="PASS" signature="vacateParkingTest(java.util.Hashtable)[pri:0, instance:com.core.restapi.RESTApiProject.testcases.vacateParking@45dd4eda]" name="vacateParkingTest" duration-ms="419" started-at="2017-04-12T23:16:32Z" data-provider="getData" finished-at="2017-04-12T23:16:33Z">
          <params>
            <param index="0">
              <value>
                <![CDATA[{ParkingSlotName=Parking, Runmode=y}]]>
              </value>
            </param>
          </params>
          <reporter-output>
          </reporter-output>
        </test-method> <!-- vacateParkingTest -->
        <test-method status="PASS" signature="repoquit()[pri:0, instance:com.core.restapi.RESTApiProject.testcases.vacateParking@45dd4eda]" name="repoquit" is-config="true" duration-ms="52" started-at="2017-04-12T23:16:33Z" finished-at="2017-04-12T23:16:33Z">
          <reporter-output>
          </reporter-output>
        </test-method> <!-- repoquit -->
      </class> <!-- com.core.restapi.RESTApiProject.testcases.vacateParking -->
    </test> <!-- vacateParkingTest -->
  </suite> <!-- SuiteName -->
</testng-results>
