<?xml version="1.0" encoding="UTF-8"?>
<!-- Generated by org.testng.reporters.JUnitXMLReporter -->
<testsuite hostname="BLT140018" name="CreateParkingTest" tests="7" failures="0" timestamp="12 Apr 2017 09:42:34 GMT" time="3.788" errors="0">
  <testcase name="CreateParkingTest" time="0.458" classname="com.core.restapi.RESTApiProject.testcases.CreateParking"/>
  <testcase name="CreateParkingTest" time="0.444" classname="com.core.restapi.RESTApiProject.testcases.CreateParking"/>
  <testcase name="CreateParkingTest" time="0.451" classname="com.core.restapi.RESTApiProject.testcases.CreateParking"/>
  <testcase name="CreateParkingTest" time="0.461" classname="com.core.restapi.RESTApiProject.testcases.CreateParking"/>
  <testcase name="CreateParkingTest" time="0.432" classname="com.core.restapi.RESTApiProject.testcases.CreateParking"/>
  <testcase name="CreateParkingTest" time="0.454" classname="com.core.restapi.RESTApiProject.testcases.CreateParking"/>
  <testcase name="CreateParkingTest" time="0.451" classname="com.core.restapi.RESTApiProject.testcases.CreateParking"/>
</testsuite> <!-- CreateParkingTest -->
