<?xml version="1.0" encoding="UTF-8"?>
<!-- Generated by org.testng.reporters.JUnitXMLReporter -->
<testsuite hostname="BLT140018" name="getSlotNumberTest" tests="5" failures="0" timestamp="20 Apr 2017 19:50:08 GMT" time="2.595" errors="0">
  <testcase name="getSlotNumberTest" time="0.429" classname="com.core.restapi.RESTApiProject.testcases.getSlotNumber"/>
  <testcase name="getSlotNumberTest" time="0.433" classname="com.core.restapi.RESTApiProject.testcases.getSlotNumber"/>
  <testcase name="getSlotNumberTest" time="0.429" classname="com.core.restapi.RESTApiProject.testcases.getSlotNumber"/>
  <testcase name="getSlotNumberTest" time="0.42" classname="com.core.restapi.RESTApiProject.testcases.getSlotNumber"/>
  <testcase name="getSlotNumberTest" time="0.436" classname="com.core.restapi.RESTApiProject.testcases.getSlotNumber"/>
</testsuite> <!-- getSlotNumberTest -->
