<?xml version="1.0" encoding="UTF-8"?>
<!-- Generated by org.testng.reporters.JUnitXMLReporter -->
<testsuite hostname="BLT140018" name="getSlotNumberTest" tests="5" failures="2" timestamp="11 Apr 2017 19:45:25 GMT" time="2.622" errors="0">
  <testcase name="getSlotNumberTest" time="0.43" classname="com.core.restapi.RESTApiProject.testcases.getSlotNumber"/>
  <testcase name="getSlotNumberTest" time="0.422" classname="com.core.restapi.RESTApiProject.testcases.getSlotNumber"/>
  <testcase name="getSlotNumberTest" time="0.442" classname="com.core.restapi.RESTApiProject.testcases.getSlotNumber">
    <failure type="java.lang.AssertionError" message="Failed">
      <![CDATA[java.lang.AssertionError: Failed
	at com.core.restapi.RESTApiProject.BaseTest.reportFailure(BaseTest.java:365)
	at com.core.restapi.RESTApiProject.testcases.getSlotNumber.getSlotNumberTest(getSlotNumber.java:50)
... Removed 28 stack frames]]>
    </failure>
  </testcase> <!-- getSlotNumberTest -->
  <testcase name="getSlotNumberTest" time="0.425" classname="com.core.restapi.RESTApiProject.testcases.getSlotNumber">
    <failure type="java.lang.AssertionError" message="Failed">
      <![CDATA[java.lang.AssertionError: Failed
	at com.core.restapi.RESTApiProject.BaseTest.reportFailure(BaseTest.java:365)
	at com.core.restapi.RESTApiProject.testcases.getSlotNumber.getSlotNumberTest(getSlotNumber.java:50)
... Removed 28 stack frames]]>
    </failure>
  </testcase> <!-- getSlotNumberTest -->
  <testcase name="getSlotNumberTest" time="0.429" classname="com.core.restapi.RESTApiProject.testcases.getSlotNumber"/>
</testsuite> <!-- getSlotNumberTest -->
