<?xml version="1.0" encoding="UTF-8"?>
<!-- Generated by org.testng.reporters.JUnitXMLReporter -->
<testsuite hostname="BLT140018" name="InfoByColorTest" tests="4" failures="0" timestamp="12 Apr 2017 09:42:41 GMT" time="2.082" errors="0">
  <testcase name="registerParkingTest" time="0.433" classname="com.core.restapi.RESTApiProject.testcases.InfoByColor"/>
  <testcase name="registerParkingTest" time="0.442" classname="com.core.restapi.RESTApiProject.testcases.InfoByColor"/>
  <testcase name="registerParkingTest" time="0.454" classname="com.core.restapi.RESTApiProject.testcases.InfoByColor"/>
  <testcase name="registerParkingTest" time="0.434" classname="com.core.restapi.RESTApiProject.testcases.InfoByColor"/>
</testsuite> <!-- InfoByColorTest -->
