<?xml version="1.0" encoding="UTF-8"?>
<!-- Generated by org.testng.reporters.JUnitXMLReporter -->
<testsuite hostname="BLT140018" name="ParkACarTest" tests="6" failures="6" timestamp="12 Apr 2017 17:42:45 GMT" time="0.432" errors="0">
  <testcase name="ParkACarTest" time="0.008" classname="com.core.restapi.RESTApiProject.testcases.ParkACar">
    <failure type="java.lang.NullPointerException">
      <![CDATA[java.lang.NullPointerException
	at com.core.restapi.RESTApiProject.BaseTest.getResponseBody(BaseTest.java:295)
	at com.core.restapi.RESTApiProject.testcases.ParkACar.ParkACarTest(ParkACar.java:50)
... Removed 27 stack frames]]>
    </failure>
  </testcase> <!-- ParkACarTest -->
  <testcase name="ParkACarTest" time="0.007" classname="com.core.restapi.RESTApiProject.testcases.ParkACar">
    <failure type="java.lang.NullPointerException">
      <![CDATA[java.lang.NullPointerException
	at com.core.restapi.RESTApiProject.BaseTest.getResponseBody(BaseTest.java:295)
	at com.core.restapi.RESTApiProject.testcases.ParkACar.ParkACarTest(ParkACar.java:50)
... Removed 27 stack frames]]>
    </failure>
  </testcase> <!-- ParkACarTest -->
  <testcase name="ParkACarTest" time="0.004" classname="com.core.restapi.RESTApiProject.testcases.ParkACar">
    <failure type="java.lang.NullPointerException">
      <![CDATA[java.lang.NullPointerException
	at com.core.restapi.RESTApiProject.BaseTest.getResponseBody(BaseTest.java:295)
	at com.core.restapi.RESTApiProject.testcases.ParkACar.ParkACarTest(ParkACar.java:50)
... Removed 27 stack frames]]>
    </failure>
  </testcase> <!-- ParkACarTest -->
  <testcase name="ParkACarTest" time="0.004" classname="com.core.restapi.RESTApiProject.testcases.ParkACar">
    <failure type="java.lang.NullPointerException">
      <![CDATA[java.lang.NullPointerException
	at com.core.restapi.RESTApiProject.BaseTest.getResponseBody(BaseTest.java:295)
	at com.core.restapi.RESTApiProject.testcases.ParkACar.ParkACarTest(ParkACar.java:50)
... Removed 27 stack frames]]>
    </failure>
  </testcase> <!-- ParkACarTest -->
  <testcase name="ParkACarTest" time="0.016" classname="com.core.restapi.RESTApiProject.testcases.ParkACar">
    <failure type="java.lang.NullPointerException">
      <![CDATA[java.lang.NullPointerException
	at com.core.restapi.RESTApiProject.BaseTest.getResponseBody(BaseTest.java:295)
	at com.core.restapi.RESTApiProject.testcases.ParkACar.ParkACarTest(ParkACar.java:50)
... Removed 27 stack frames]]>
    </failure>
  </testcase> <!-- ParkACarTest -->
  <testcase name="ParkACarTest" time="0.005" classname="com.core.restapi.RESTApiProject.testcases.ParkACar">
    <failure type="java.lang.NullPointerException">
      <![CDATA[java.lang.NullPointerException
	at com.core.restapi.RESTApiProject.BaseTest.getResponseBody(BaseTest.java:295)
	at com.core.restapi.RESTApiProject.testcases.ParkACar.ParkACarTest(ParkACar.java:50)
... Removed 27 stack frames]]>
    </failure>
  </testcase> <!-- ParkACarTest -->
</testsuite> <!-- ParkACarTest -->
