<?xml version="1.0" encoding="UTF-8"?>
<!-- Generated by org.testng.reporters.JUnitXMLReporter -->
<testsuite hostname="BLT140018" name="ParkingStatusTest" tests="3" failures="0" timestamp="12 Apr 2017 09:42:39 GMT" time="1.617" errors="0">
  <testcase name="ParkingStatusTest" time="0.434" classname="com.core.restapi.RESTApiProject.testcases.ParkingStatus"/>
  <testcase name="ParkingStatusTest" time="0.456" classname="com.core.restapi.RESTApiProject.testcases.ParkingStatus"/>
  <testcase name="ParkingStatusTest" time="0.443" classname="com.core.restapi.RESTApiProject.testcases.ParkingStatus"/>
</testsuite> <!-- ParkingStatusTest -->
