<?xml version="1.0" encoding="UTF-8"?>
<!-- Generated by org.testng.reporters.JUnitXMLReporter -->
<testsuite hostname="BLT140018" name="ParkingStatusTest" tests="3" failures="3" timestamp="12 Apr 2017 17:42:45 GMT" time="0.194" errors="0">
  <testcase name="ParkingStatusTest" time="0.005" classname="com.core.restapi.RESTApiProject.testcases.ParkingStatus">
    <failure type="java.lang.NullPointerException">
      <![CDATA[java.lang.NullPointerException
	at com.core.restapi.RESTApiProject.BaseTest.getResponseBody(BaseTest.java:295)
	at com.core.restapi.RESTApiProject.testcases.ParkingStatus.ParkingStatusTest(ParkingStatus.java:43)
... Removed 27 stack frames]]>
    </failure>
  </testcase> <!-- ParkingStatusTest -->
  <testcase name="ParkingStatusTest" time="0.005" classname="com.core.restapi.RESTApiProject.testcases.ParkingStatus">
    <failure type="java.lang.NullPointerException">
      <![CDATA[java.lang.NullPointerException
	at com.core.restapi.RESTApiProject.BaseTest.getResponseBody(BaseTest.java:295)
	at com.core.restapi.RESTApiProject.testcases.ParkingStatus.ParkingStatusTest(ParkingStatus.java:43)
... Removed 27 stack frames]]>
    </failure>
  </testcase> <!-- ParkingStatusTest -->
  <testcase name="ParkingStatusTest" time="0.004" classname="com.core.restapi.RESTApiProject.testcases.ParkingStatus">
    <failure type="java.lang.NullPointerException">
      <![CDATA[java.lang.NullPointerException
	at com.core.restapi.RESTApiProject.BaseTest.getResponseBody(BaseTest.java:295)
	at com.core.restapi.RESTApiProject.testcases.ParkingStatus.ParkingStatusTest(ParkingStatus.java:43)
... Removed 27 stack frames]]>
    </failure>
  </testcase> <!-- ParkingStatusTest -->
</testsuite> <!-- ParkingStatusTest -->
