<?xml version="1.0" encoding="UTF-8"?>
<!-- Generated by org.testng.reporters.JUnitXMLReporter -->
<testsuite hostname="BLT140018" name="registerParkingTest" tests="4" failures="4" timestamp="12 Apr 2017 17:42:44 GMT" time="1.28" errors="0">
  <testcase name="registerParkingTest" time="0.377" classname="com.core.restapi.RESTApiProject.testcases.registerParkingLot">
    <failure type="java.lang.NullPointerException">
      <![CDATA[java.lang.NullPointerException
	at com.core.restapi.RESTApiProject.BaseTest.getResponseBody(BaseTest.java:295)
	at com.core.restapi.RESTApiProject.testcases.registerParkingLot.registerParkingTest(registerParkingLot.java:48)
... Removed 27 stack frames]]>
    </failure>
  </testcase> <!-- registerParkingTest -->
  <testcase name="registerParkingTest" time="0.024" classname="com.core.restapi.RESTApiProject.testcases.registerParkingLot">
    <failure type="java.lang.NullPointerException">
      <![CDATA[java.lang.NullPointerException
	at com.core.restapi.RESTApiProject.BaseTest.getResponseBody(BaseTest.java:295)
	at com.core.restapi.RESTApiProject.testcases.registerParkingLot.registerParkingTest(registerParkingLot.java:48)
... Removed 27 stack frames]]>
    </failure>
  </testcase> <!-- registerParkingTest -->
  <testcase name="registerParkingTest" time="0.01" classname="com.core.restapi.RESTApiProject.testcases.registerParkingLot">
    <failure type="java.lang.NullPointerException">
      <![CDATA[java.lang.NullPointerException
	at com.core.restapi.RESTApiProject.BaseTest.getResponseBody(BaseTest.java:295)
	at com.core.restapi.RESTApiProject.testcases.registerParkingLot.registerParkingTest(registerParkingLot.java:48)
... Removed 27 stack frames]]>
    </failure>
  </testcase> <!-- registerParkingTest -->
  <testcase name="registerParkingTest" time="0.007" classname="com.core.restapi.RESTApiProject.testcases.registerParkingLot">
    <failure type="java.lang.NullPointerException">
      <![CDATA[java.lang.NullPointerException
	at com.core.restapi.RESTApiProject.BaseTest.getResponseBody(BaseTest.java:295)
	at com.core.restapi.RESTApiProject.testcases.registerParkingLot.registerParkingTest(registerParkingLot.java:48)
... Removed 27 stack frames]]>
    </failure>
  </testcase> <!-- registerParkingTest -->
</testsuite> <!-- registerParkingTest -->
