<?xml version="1.0" encoding="UTF-8"?>
<!-- Generated by org.testng.reporters.JUnitXMLReporter -->
<testsuite hostname="BLT140018" name="registerParkingTest" tests="4" failures="0" timestamp="11 Apr 2017 19:45:13 GMT" time="3.126" errors="0">
  <testcase name="registerParkingTest" time="0.856" classname="com.core.restapi.RESTApiProject.testcases.registerParkingLot"/>
  <testcase name="registerParkingTest" time="0.44" classname="com.core.restapi.RESTApiProject.testcases.registerParkingLot"/>
  <testcase name="registerParkingTest" time="0.446" classname="com.core.restapi.RESTApiProject.testcases.registerParkingLot"/>
  <testcase name="registerParkingTest" time="0.437" classname="com.core.restapi.RESTApiProject.testcases.registerParkingLot"/>
</testsuite> <!-- registerParkingTest -->
