<?xml version="1.0" encoding="UTF-8"?>
<!-- Generated by org.testng.reporters.JUnitXMLReporter -->
<testsuite hostname="BLT140018" name="vacateParkingTest" tests="3" failures="0" timestamp="20 Apr 2017 19:50:09 GMT" time="1.556" errors="0">
  <testcase name="vacateParkingTest" time="0.431" classname="com.core.restapi.RESTApiProject.testcases.vacateParking"/>
  <testcase name="vacateParkingTest" time="0.455" classname="com.core.restapi.RESTApiProject.testcases.vacateParking"/>
  <testcase name="vacateParkingTest" time="0.441" classname="com.core.restapi.RESTApiProject.testcases.vacateParking"/>
</testsuite> <!-- vacateParkingTest -->
