<?xml version="1.0" encoding="UTF-8"?>
<!-- Generated by org.testng.reporters.JUnitXMLReporter -->
<testsuite hostname="BLT140018" name="CreateParkingTest" tests="7" failures="0" timestamp="12 Apr 2017 17:46:22 GMT" time="3.601" errors="0">
  <testcase name="CreateParkingTest" time="0.439" classname="com.core.restapi.RESTApiProject.testcases.CreateParking"/>
  <testcase name="CreateParkingTest" time="0.428" classname="com.core.restapi.RESTApiProject.testcases.CreateParking"/>
  <testcase name="CreateParkingTest" time="0.439" classname="com.core.restapi.RESTApiProject.testcases.CreateParking"/>
  <testcase name="CreateParkingTest" time="0.437" classname="com.core.restapi.RESTApiProject.testcases.CreateParking"/>
  <testcase name="CreateParkingTest" time="0.443" classname="com.core.restapi.RESTApiProject.testcases.CreateParking"/>
  <testcase name="CreateParkingTest" time="0.434" classname="com.core.restapi.RESTApiProject.testcases.CreateParking"/>
  <testcase name="CreateParkingTest" time="0.442" classname="com.core.restapi.RESTApiProject.testcases.CreateParking"/>
</testsuite> <!-- CreateParkingTest -->
