<?xml version="1.0" encoding="UTF-8"?>
<!-- Generated by org.testng.reporters.JUnitXMLReporter -->
<testsuite hostname="BLT140018" name="getSlotNumberTest" tests="5" failures="0" timestamp="12 Apr 2017 17:46:31 GMT" time="2.605" errors="0">
  <testcase name="getSlotNumberTest" time="0.431" classname="com.core.restapi.RESTApiProject.testcases.getSlotNumber"/>
  <testcase name="getSlotNumberTest" time="0.424" classname="com.core.restapi.RESTApiProject.testcases.getSlotNumber"/>
  <testcase name="getSlotNumberTest" time="0.419" classname="com.core.restapi.RESTApiProject.testcases.getSlotNumber"/>
  <testcase name="getSlotNumberTest" time="0.427" classname="com.core.restapi.RESTApiProject.testcases.getSlotNumber"/>
  <testcase name="getSlotNumberTest" time="0.464" classname="com.core.restapi.RESTApiProject.testcases.getSlotNumber"/>
</testsuite> <!-- getSlotNumberTest -->
