<?xml version="1.0" encoding="UTF-8"?>
<!-- Generated by org.testng.reporters.JUnitXMLReporter -->
<testsuite hostname="BLT140018" name="InfoByColorTest" tests="4" failures="0" timestamp="12 Apr 2017 17:46:28 GMT" time="2.121" errors="0">
  <testcase name="registerParkingTest" time="0.452" classname="com.core.restapi.RESTApiProject.testcases.InfoByColor"/>
  <testcase name="registerParkingTest" time="0.432" classname="com.core.restapi.RESTApiProject.testcases.InfoByColor"/>
  <testcase name="registerParkingTest" time="0.422" classname="com.core.restapi.RESTApiProject.testcases.InfoByColor"/>
  <testcase name="registerParkingTest" time="0.418" classname="com.core.restapi.RESTApiProject.testcases.InfoByColor"/>
</testsuite> <!-- InfoByColorTest -->
