<?xml version="1.0" encoding="UTF-8"?>
<!-- Generated by org.testng.reporters.JUnitXMLReporter -->
<testsuite hostname="BLT140018" name="InfoByColorTest" tests="4" failures="0" timestamp="20 Apr 2017 20:08:38 GMT" time="2.073" errors="0">
  <testcase name="registerParkingTest" time="0.425" classname="com.core.restapi.RESTApiProject.testcases.InfoByColor"/>
  <testcase name="registerParkingTest" time="0.426" classname="com.core.restapi.RESTApiProject.testcases.InfoByColor"/>
  <testcase name="registerParkingTest" time="0.437" classname="com.core.restapi.RESTApiProject.testcases.InfoByColor"/>
  <testcase name="registerParkingTest" time="0.432" classname="com.core.restapi.RESTApiProject.testcases.InfoByColor"/>
</testsuite> <!-- InfoByColorTest -->
