<?xml version="1.0" encoding="UTF-8"?>
<!-- Generated by org.testng.reporters.JUnitXMLReporter -->
<testsuite hostname="BLT140018" name="ParkingStatusTest" tests="3" failures="0" timestamp="12 Apr 2017 17:46:26 GMT" time="1.599" errors="0">
  <testcase name="ParkingStatusTest" time="0.431" classname="com.core.restapi.RESTApiProject.testcases.ParkingStatus"/>
  <testcase name="ParkingStatusTest" time="0.425" classname="com.core.restapi.RESTApiProject.testcases.ParkingStatus"/>
  <testcase name="ParkingStatusTest" time="0.441" classname="com.core.restapi.RESTApiProject.testcases.ParkingStatus"/>
</testsuite> <!-- ParkingStatusTest -->
