<?xml version="1.0" encoding="UTF-8"?>
<!-- Generated by org.testng.reporters.JUnitXMLReporter -->
<testsuite hostname="BLT140018" name="ParkACarTest" tests="6" failures="0" timestamp="20 Apr 2017 20:08:34 GMT" time="3.164" errors="0">
  <testcase name="ParkACarTest" time="0.419" classname="com.core.restapi.RESTApiProject.testcases.ParkACar"/>
  <testcase name="ParkACarTest" time="0.418" classname="com.core.restapi.RESTApiProject.testcases.ParkACar"/>
  <testcase name="ParkACarTest" time="0.429" classname="com.core.restapi.RESTApiProject.testcases.ParkACar"/>
  <testcase name="ParkACarTest" time="0.424" classname="com.core.restapi.RESTApiProject.testcases.ParkACar"/>
  <testcase name="ParkACarTest" time="0.423" classname="com.core.restapi.RESTApiProject.testcases.ParkACar"/>
  <testcase name="ParkACarTest" time="0.433" classname="com.core.restapi.RESTApiProject.testcases.ParkACar"/>
</testsuite> <!-- ParkACarTest -->
