<?xml version="1.0" encoding="UTF-8"?>
<!-- Generated by org.testng.reporters.JUnitXMLReporter -->
<testsuite hostname="BLT140018" name="registerParkingTest" tests="4" failures="0" timestamp="20 Apr 2017 20:08:27 GMT" time="3.192" errors="0">
  <testcase name="registerParkingTest" time="0.834" classname="com.core.restapi.RESTApiProject.testcases.registerParkingLot"/>
  <testcase name="registerParkingTest" time="0.418" classname="com.core.restapi.RESTApiProject.testcases.registerParkingLot"/>
  <testcase name="registerParkingTest" time="0.438" classname="com.core.restapi.RESTApiProject.testcases.registerParkingLot"/>
  <testcase name="registerParkingTest" time="0.424" classname="com.core.restapi.RESTApiProject.testcases.registerParkingLot"/>
</testsuite> <!-- registerParkingTest -->
